<?xml version="1.0" encoding="UTF-8"?>
<coverage generated="1711107266755" clover="3.2.0">
  <project timestamp="1711107266756" name="All files">
    <metrics statements="67" coveredstatements="18" conditionals="32" coveredconditionals="10" methods="21" coveredmethods="5" elements="120" coveredelements="33" complexity="0" loc="67" ncloc="67" packages="5" files="8" classes="8"/>
    <package name="src">
      <metrics statements="15" coveredstatements="0" conditionals="6" coveredconditionals="0" methods="4" coveredmethods="0"/>
      <file name="App.jsx" path="C:\Users\Hp\Pictures\_REACT\researchpaper\research-paper\src\App.jsx">
        <metrics statements="13" coveredstatements="0" conditionals="6" coveredconditionals="0" methods="4" coveredmethods="0"/>
        <line num="6" count="0" type="stmt"/>
        <line num="7" count="0" type="stmt"/>
        <line num="8" count="0" type="stmt"/>
        <line num="11" count="0" type="stmt"/>
        <line num="13" count="0" type="cond" truecount="0" falsecount="2"/>
        <line num="17" count="0" type="cond" truecount="0" falsecount="2"/>
        <line num="18" count="0" type="stmt"/>
        <line num="20" count="0" type="stmt"/>
        <line num="21" count="0" type="stmt"/>
        <line num="25" count="0" type="stmt"/>
        <line num="26" count="0" type="stmt"/>
        <line num="29" count="0" type="cond" truecount="0" falsecount="2"/>
        <line num="47" count="0" type="stmt"/>
      </file>
      <file name="main.jsx" path="C:\Users\Hp\Pictures\_REACT\researchpaper\research-paper\src\main.jsx">
        <metrics statements="2" coveredstatements="0" conditionals="0" coveredconditionals="0" methods="0" coveredmethods="0"/>
        <line num="6" count="0" type="stmt"/>
        <line num="7" count="0" type="stmt"/>
      </file>
    </package>
    <package name="src.components">
      <metrics statements="2" coveredstatements="0" conditionals="0" coveredconditionals="0" methods="1" coveredmethods="0"/>
      <file name="Header.jsx" path="C:\Users\Hp\Pictures\_REACT\researchpaper\research-paper\src\components\Header.jsx">
        <metrics statements="1" coveredstatements="0" conditionals="0" coveredconditionals="0" methods="1" coveredmethods="0"/>
        <line num="4" count="0" type="stmt"/>
      </file>
      <file name="data.js" path="C:\Users\Hp\Pictures\_REACT\researchpaper\research-paper\src\components\data.js">
        <metrics statements="1" coveredstatements="0" conditionals="0" coveredconditionals="0" methods="0" coveredmethods="0"/>
        <line num="1" count="0" type="stmt"/>
      </file>
    </package>
    <package name="src.components.Login">
      <metrics statements="18" coveredstatements="8" conditionals="14" coveredconditionals="8" methods="6" coveredmethods="3"/>
      <file name="Login.jsx" path="C:\Users\Hp\Pictures\_REACT\researchpaper\research-paper\src\components\Login\Login.jsx">
        <metrics statements="18" coveredstatements="8" conditionals="14" coveredconditionals="8" methods="6" coveredmethods="3"/>
        <line num="5" count="12" type="stmt"/>
        <line num="6" count="12" type="stmt"/>
        <line num="7" count="12" type="stmt"/>
        <line num="8" count="12" type="stmt"/>
        <line num="23" count="12" type="cond" truecount="2" falsecount="0"/>
        <line num="32" count="12" type="cond" truecount="2" falsecount="0"/>
        <line num="35" count="0" type="stmt"/>
        <line num="36" count="0" type="cond" truecount="0" falsecount="4"/>
        <line num="37" count="0" type="stmt"/>
        <line num="39" count="0" type="stmt"/>
        <line num="43" count="0" type="stmt"/>
        <line num="44" count="0" type="stmt"/>
        <line num="45" count="0" type="stmt"/>
        <line num="46" count="0" type="stmt"/>
        <line num="50" count="0" type="stmt"/>
        <line num="51" count="0" type="stmt"/>
        <line num="53" count="12" type="cond" truecount="2" falsecount="0"/>
        <line num="55" count="12" type="stmt"/>
      </file>
    </package>
    <package name="src.hooks">
      <metrics statements="28" coveredstatements="10" conditionals="12" coveredconditionals="2" methods="6" coveredmethods="2"/>
      <file name="use-http.jsx" path="C:\Users\Hp\Pictures\_REACT\researchpaper\research-paper\src\hooks\use-http.jsx">
        <metrics statements="15" coveredstatements="0" conditionals="10" coveredconditionals="0" methods="2" coveredmethods="0"/>
        <line num="3" count="0" type="stmt"/>
        <line num="4" count="0" type="stmt"/>
        <line num="5" count="0" type="stmt"/>
        <line num="7" count="0" type="stmt"/>
        <line num="8" count="0" type="stmt"/>
        <line num="9" count="0" type="stmt"/>
        <line num="10" count="0" type="stmt"/>
        <line num="11" count="0" type="stmt"/>
        <line num="17" count="0" type="cond" truecount="0" falsecount="2"/>
        <line num="18" count="0" type="stmt"/>
        <line num="21" count="0" type="stmt"/>
        <line num="22" count="0" type="stmt"/>
        <line num="24" count="0" type="cond" truecount="0" falsecount="2"/>
        <line num="26" count="0" type="stmt"/>
        <line num="29" count="0" type="stmt"/>
      </file>
      <file name="use-input.jsx" path="C:\Users\Hp\Pictures\_REACT\researchpaper\research-paper\src\hooks\use-input.jsx">
        <metrics statements="13" coveredstatements="10" conditionals="2" coveredconditionals="2" methods="4" coveredmethods="2"/>
        <line num="3" count="1" type="stmt"/>
        <line num="4" count="24" type="stmt"/>
        <line num="6" count="24" type="stmt"/>
        <line num="8" count="24" type="stmt"/>
        <line num="10" count="24" type="cond" truecount="2" falsecount="0"/>
        <line num="12" count="24" type="stmt"/>
        <line num="13" count="6" type="stmt"/>
        <line num="16" count="24" type="stmt"/>
        <line num="17" count="0" type="stmt"/>
        <line num="20" count="24" type="stmt"/>
        <line num="21" count="0" type="stmt"/>
        <line num="22" count="0" type="stmt"/>
        <line num="25" count="24" type="stmt"/>
      </file>
    </package>
    <package name="src.util">
      <metrics statements="4" coveredstatements="0" conditionals="0" coveredconditionals="0" methods="4" coveredmethods="0"/>
      <file name="validation.js" path="C:\Users\Hp\Pictures\_REACT\researchpaper\research-paper\src\util\validation.js">
        <metrics statements="4" coveredstatements="0" conditionals="0" coveredconditionals="0" methods="4" coveredmethods="0"/>
        <line num="2" count="0" type="stmt"/>
        <line num="6" count="0" type="stmt"/>
        <line num="10" count="0" type="stmt"/>
        <line num="14" count="0" type="stmt"/>
      </file>
    </package>
  </project>
</coverage>
