{"C:\\Users\\Hp\\Pictures\\_REACT\\researchpaper\\research-paper\\src\\App.jsx": {"path":"C:\\Users\\Hp\\Pictures\\_REACT\\researchpaper\\research-paper\\src\\App.jsx","statementMap":{"0":{"start":{"line":6,"column":42},"end":{"line":6,"column":57}},"1":{"start":{"line":7,"column":24},"end":{"line":23,"column":3}},"2":{"start":{"line":8,"column":4},"end":{"line":8,"column":34}},"3":{"start":{"line":11,"column":22},"end":{"line":15,"column":5}},"4":{"start":{"line":13,"column":8},"end":{"line":14,"column":51}},"5":{"start":{"line":17,"column":4},"end":{"line":22,"column":5}},"6":{"start":{"line":18,"column":6},"end":{"line":18,"column":53}},"7":{"start":{"line":20,"column":6},"end":{"line":20,"column":45}},"8":{"start":{"line":21,"column":6},"end":{"line":21,"column":28}},"9":{"start":{"line":25,"column":26},"end":{"line":27,"column":3}},"10":{"start":{"line":26,"column":4},"end":{"line":26,"column":27}},"11":{"start":{"line":29,"column":16},"end":{"line":45,"column":3}},"12":{"start":{"line":47,"column":2},"end":{"line":47,"column":24}}},"fnMap":{"0":{"name":"App","decl":{"start":{"line":5,"column":9},"end":{"line":5,"column":12}},"loc":{"start":{"line":5,"column":15},"end":{"line":48,"column":1}},"line":5},"1":{"name":"(anonymous_1)","decl":{"start":{"line":7,"column":24},"end":{"line":7,"column":25}},"loc":{"start":{"line":7,"column":52},"end":{"line":23,"column":3}},"line":7},"2":{"name":"(anonymous_2)","decl":{"start":{"line":12,"column":6},"end":{"line":12,"column":7}},"loc":{"start":{"line":13,"column":8},"end":{"line":14,"column":51}},"line":13},"3":{"name":"(anonymous_3)","decl":{"start":{"line":25,"column":26},"end":{"line":25,"column":27}},"loc":{"start":{"line":25,"column":32},"end":{"line":27,"column":3}},"line":25}},"branchMap":{"0":{"loc":{"start":{"line":13,"column":8},"end":{"line":14,"column":51}},"type":"binary-expr","locations":[{"start":{"line":13,"column":8},"end":{"line":13,"column":45}},{"start":{"line":14,"column":8},"end":{"line":14,"column":51}}],"line":13},"1":{"loc":{"start":{"line":17,"column":4},"end":{"line":22,"column":5}},"type":"if","locations":[{"start":{"line":17,"column":4},"end":{"line":22,"column":5}},{"start":{"line":19,"column":11},"end":{"line":22,"column":5}}],"line":17},"2":{"loc":{"start":{"line":29,"column":16},"end":{"line":45,"column":3}},"type":"cond-expr","locations":[{"start":{"line":30,"column":4},"end":{"line":37,"column":7}},{"start":{"line":39,"column":4},"end":{"line":44,"column":7}}],"line":29}},"s":{"0":0,"1":0,"2":0,"3":0,"4":0,"5":0,"6":0,"7":0,"8":0,"9":0,"10":0,"11":0,"12":0},"f":{"0":0,"1":0,"2":0,"3":0},"b":{"0":[0,0],"1":[0,0],"2":[0,0]}}
,"C:\\Users\\Hp\\Pictures\\_REACT\\researchpaper\\research-paper\\src\\main.jsx": {"path":"C:\\Users\\Hp\\Pictures\\_REACT\\researchpaper\\research-paper\\src\\main.jsx","statementMap":{"0":{"start":{"line":6,"column":19},"end":{"line":6,"column":50}},"1":{"start":{"line":7,"column":0},"end":{"line":7,"column":48}}},"fnMap":{},"branchMap":{},"s":{"0":0,"1":0},"f":{},"b":{}}
,"C:\\Users\\Hp\\Pictures\\_REACT\\researchpaper\\research-paper\\src\\components\\Header.jsx": {"path":"C:\\Users\\Hp\\Pictures\\_REACT\\researchpaper\\research-paper\\src\\components\\Header.jsx","statementMap":{"0":{"start":{"line":4,"column":2},"end":{"line":9,"column":4}}},"fnMap":{"0":{"name":"Header","decl":{"start":{"line":3,"column":24},"end":{"line":3,"column":30}},"loc":{"start":{"line":3,"column":33},"end":{"line":10,"column":1}},"line":3}},"branchMap":{},"s":{"0":0},"f":{"0":0},"b":{}}
,"C:\\Users\\Hp\\Pictures\\_REACT\\researchpaper\\research-paper\\src\\components\\data.js": {"path":"C:\\Users\\Hp\\Pictures\\_REACT\\researchpaper\\research-paper\\src\\components\\data.js","statementMap":{"0":{"start":{"line":1,"column":26},"end":{"line":4,"column":1}}},"fnMap":{},"branchMap":{},"s":{"0":0},"f":{},"b":{}}
,"C:\\Users\\Hp\\Pictures\\_REACT\\researchpaper\\research-paper\\src\\components\\Login\\Login.jsx": {"path":"C:\\Users\\Hp\\Pictures\\_REACT\\researchpaper\\research-paper\\src\\components\\Login\\Login.jsx","statementMap":{"0":{"start":{"line":5,"column":21},"end":{"line":5,"column":51}},"1":{"start":{"line":5,"column":32},"end":{"line":5,"column":51}},"2":{"start":{"line":6,"column":25},"end":{"line":6,"column":60}},"3":{"start":{"line":6,"column":36},"end":{"line":6,"column":60}},"4":{"start":{"line":7,"column":28},"end":{"line":14,"column":6}},"5":{"start":{"line":8,"column":4},"end":{"line":14,"column":6}},"6":{"start":{"line":23,"column":6},"end":{"line":23,"column":44}},"7":{"start":{"line":32,"column":6},"end":{"line":32,"column":47}},"8":{"start":{"line":35,"column":4},"end":{"line":35,"column":27}},"9":{"start":{"line":36,"column":4},"end":{"line":38,"column":5}},"10":{"start":{"line":37,"column":6},"end":{"line":37,"column":13}},"11":{"start":{"line":39,"column":22},"end":{"line":42,"column":5}},"12":{"start":{"line":43,"column":4},"end":{"line":43,"column":44}},"13":{"start":{"line":44,"column":4},"end":{"line":44,"column":22}},"14":{"start":{"line":45,"column":4},"end":{"line":45,"column":25}},"15":{"start":{"line":46,"column":4},"end":{"line":46,"column":37}},"16":{"start":{"line":50,"column":4},"end":{"line":50,"column":22}},"17":{"start":{"line":51,"column":4},"end":{"line":51,"column":25}},"18":{"start":{"line":53,"column":27},"end":{"line":53,"column":70}},"19":{"start":{"line":55,"column":2},"end":{"line":108,"column":4}}},"fnMap":{"0":{"name":"Login","decl":{"start":{"line":4,"column":24},"end":{"line":4,"column":29}},"loc":{"start":{"line":4,"column":37},"end":{"line":109,"column":1}},"line":4},"1":{"name":"(anonymous_1)","decl":{"start":{"line":5,"column":21},"end":{"line":5,"column":22}},"loc":{"start":{"line":5,"column":32},"end":{"line":5,"column":51}},"line":5},"2":{"name":"(anonymous_2)","decl":{"start":{"line":6,"column":25},"end":{"line":6,"column":26}},"loc":{"start":{"line":6,"column":36},"end":{"line":6,"column":60}},"line":6},"3":{"name":"(anonymous_3)","decl":{"start":{"line":7,"column":28},"end":{"line":7,"column":29}},"loc":{"start":{"line":8,"column":4},"end":{"line":14,"column":6}},"line":8},"4":{"name":"handleSubmit","decl":{"start":{"line":34,"column":11},"end":{"line":34,"column":23}},"loc":{"start":{"line":34,"column":31},"end":{"line":47,"column":3}},"line":34},"5":{"name":"reset","decl":{"start":{"line":49,"column":11},"end":{"line":49,"column":16}},"loc":{"start":{"line":49,"column":19},"end":{"line":52,"column":3}},"line":49}},"branchMap":{"0":{"loc":{"start":{"line":23,"column":15},"end":{"line":23,"column":43}},"type":"binary-expr","locations":[{"start":{"line":23,"column":15},"end":{"line":23,"column":25}},{"start":{"line":23,"column":29},"end":{"line":23,"column":43}}],"line":23},"1":{"loc":{"start":{"line":32,"column":15},"end":{"line":32,"column":46}},"type":"binary-expr","locations":[{"start":{"line":32,"column":15},"end":{"line":32,"column":25}},{"start":{"line":32,"column":29},"end":{"line":32,"column":46}}],"line":32},"2":{"loc":{"start":{"line":36,"column":4},"end":{"line":38,"column":5}},"type":"if","locations":[{"start":{"line":36,"column":4},"end":{"line":38,"column":5}},{"start":{},"end":{}}],"line":36},"3":{"loc":{"start":{"line":36,"column":8},"end":{"line":36,"column":55}},"type":"binary-expr","locations":[{"start":{"line":36,"column":8},"end":{"line":36,"column":28}},{"start":{"line":36,"column":32},"end":{"line":36,"column":55}}],"line":36},"4":{"loc":{"start":{"line":53,"column":27},"end":{"line":53,"column":70}},"type":"binary-expr","locations":[{"start":{"line":53,"column":27},"end":{"line":53,"column":45}},{"start":{"line":53,"column":49},"end":{"line":53,"column":70}}],"line":53},"5":{"loc":{"start":{"line":71,"column":13},"end":{"line":73,"column":13}},"type":"binary-expr","locations":[{"start":{"line":71,"column":13},"end":{"line":71,"column":31}},{"start":{"line":72,"column":14},"end":{"line":72,"column":80}}],"line":71},"6":{"loc":{"start":{"line":89,"column":13},"end":{"line":94,"column":13}},"type":"binary-expr","locations":[{"start":{"line":89,"column":13},"end":{"line":89,"column":34}},{"start":{"line":90,"column":14},"end":{"line":93,"column":18}}],"line":89}},"s":{"0":12,"1":0,"2":12,"3":12,"4":12,"5":12,"6":12,"7":12,"8":0,"9":0,"10":0,"11":0,"12":0,"13":0,"14":0,"15":0,"16":0,"17":0,"18":12,"19":12},"f":{"0":12,"1":0,"2":12,"3":12,"4":0,"5":0},"b":{"0":[12,12],"1":[12,12],"2":[0,0],"3":[0,0],"4":[12,12],"5":[12,0],"6":[12,0]},"_coverageSchema":"1a1c01bbd47fc00a2c39e90264f33305004495a9","hash":"8d3379bf9f429b7072526fd275bc253b67551fdd"}
,"C:\\Users\\Hp\\Pictures\\_REACT\\researchpaper\\research-paper\\src\\hooks\\use-http.jsx": {"path":"C:\\Users\\Hp\\Pictures\\_REACT\\researchpaper\\research-paper\\src\\hooks\\use-http.jsx","statementMap":{"0":{"start":{"line":3,"column":16},"end":{"line":34,"column":1}},"1":{"start":{"line":4,"column":36},"end":{"line":4,"column":51}},"2":{"start":{"line":5,"column":28},"end":{"line":5,"column":42}},"3":{"start":{"line":7,"column":22},"end":{"line":27,"column":8}},"4":{"start":{"line":8,"column":4},"end":{"line":8,"column":23}},"5":{"start":{"line":9,"column":4},"end":{"line":9,"column":19}},"6":{"start":{"line":10,"column":4},"end":{"line":25,"column":5}},"7":{"start":{"line":11,"column":23},"end":{"line":15,"column":8}},"8":{"start":{"line":17,"column":6},"end":{"line":19,"column":7}},"9":{"start":{"line":18,"column":8},"end":{"line":18,"column":43}},"10":{"start":{"line":21,"column":19},"end":{"line":21,"column":40}},"11":{"start":{"line":22,"column":6},"end":{"line":22,"column":30}},"12":{"start":{"line":24,"column":6},"end":{"line":24,"column":55}},"13":{"start":{"line":26,"column":4},"end":{"line":26,"column":24}},"14":{"start":{"line":29,"column":2},"end":{"line":33,"column":4}}},"fnMap":{"0":{"name":"(anonymous_0)","decl":{"start":{"line":3,"column":16},"end":{"line":3,"column":17}},"loc":{"start":{"line":3,"column":22},"end":{"line":34,"column":1}},"line":3},"1":{"name":"(anonymous_1)","decl":{"start":{"line":7,"column":34},"end":{"line":7,"column":35}},"loc":{"start":{"line":7,"column":78},"end":{"line":27,"column":3}},"line":7}},"branchMap":{"0":{"loc":{"start":{"line":12,"column":16},"end":{"line":12,"column":67}},"type":"cond-expr","locations":[{"start":{"line":12,"column":39},"end":{"line":12,"column":59}},{"start":{"line":12,"column":62},"end":{"line":12,"column":67}}],"line":12},"1":{"loc":{"start":{"line":13,"column":17},"end":{"line":13,"column":67}},"type":"cond-expr","locations":[{"start":{"line":13,"column":41},"end":{"line":13,"column":62}},{"start":{"line":13,"column":65},"end":{"line":13,"column":67}}],"line":13},"2":{"loc":{"start":{"line":14,"column":14},"end":{"line":14,"column":76}},"type":"cond-expr","locations":[{"start":{"line":14,"column":35},"end":{"line":14,"column":69}},{"start":{"line":14,"column":72},"end":{"line":14,"column":76}}],"line":14},"3":{"loc":{"start":{"line":17,"column":6},"end":{"line":19,"column":7}},"type":"if","locations":[{"start":{"line":17,"column":6},"end":{"line":19,"column":7}},{"start":{},"end":{}}],"line":17},"4":{"loc":{"start":{"line":24,"column":15},"end":{"line":24,"column":53}},"type":"binary-expr","locations":[{"start":{"line":24,"column":15},"end":{"line":24,"column":26}},{"start":{"line":24,"column":30},"end":{"line":24,"column":53}}],"line":24}},"s":{"0":0,"1":0,"2":0,"3":0,"4":0,"5":0,"6":0,"7":0,"8":0,"9":0,"10":0,"11":0,"12":0,"13":0,"14":0},"f":{"0":0,"1":0},"b":{"0":[0,0],"1":[0,0],"2":[0,0],"3":[0,0],"4":[0,0]}}
,"C:\\Users\\Hp\\Pictures\\_REACT\\researchpaper\\research-paper\\src\\hooks\\use-input.jsx": {"path":"C:\\Users\\Hp\\Pictures\\_REACT\\researchpaper\\research-paper\\src\\hooks\\use-input.jsx","statementMap":{"0":{"start":{"line":3,"column":17},"end":{"line":33,"column":1}},"1":{"start":{"line":4,"column":42},"end":{"line":4,"column":54}},"2":{"start":{"line":6,"column":36},"end":{"line":6,"column":51}},"3":{"start":{"line":8,"column":23},"end":{"line":8,"column":50}},"4":{"start":{"line":10,"column":19},"end":{"line":10,"column":45}},"5":{"start":{"line":12,"column":29},"end":{"line":14,"column":3}},"6":{"start":{"line":13,"column":4},"end":{"line":13,"column":40}},"7":{"start":{"line":16,"column":27},"end":{"line":18,"column":3}},"8":{"start":{"line":17,"column":4},"end":{"line":17,"column":23}},"9":{"start":{"line":20,"column":16},"end":{"line":23,"column":3}},"10":{"start":{"line":21,"column":4},"end":{"line":21,"column":24}},"11":{"start":{"line":22,"column":4},"end":{"line":22,"column":24}},"12":{"start":{"line":25,"column":2},"end":{"line":32,"column":4}}},"fnMap":{"0":{"name":"(anonymous_0)","decl":{"start":{"line":3,"column":17},"end":{"line":3,"column":18}},"loc":{"start":{"line":3,"column":36},"end":{"line":33,"column":1}},"line":3},"1":{"name":"(anonymous_1)","decl":{"start":{"line":12,"column":29},"end":{"line":12,"column":30}},"loc":{"start":{"line":12,"column":40},"end":{"line":14,"column":3}},"line":12},"2":{"name":"(anonymous_2)","decl":{"start":{"line":16,"column":27},"end":{"line":16,"column":28}},"loc":{"start":{"line":16,"column":33},"end":{"line":18,"column":3}},"line":16},"3":{"name":"(anonymous_3)","decl":{"start":{"line":20,"column":16},"end":{"line":20,"column":17}},"loc":{"start":{"line":20,"column":22},"end":{"line":23,"column":3}},"line":20}},"branchMap":{"0":{"loc":{"start":{"line":10,"column":19},"end":{"line":10,"column":45}},"type":"binary-expr","locations":[{"start":{"line":10,"column":19},"end":{"line":10,"column":32}},{"start":{"line":10,"column":36},"end":{"line":10,"column":45}}],"line":10}},"s":{"0":1,"1":24,"2":24,"3":24,"4":24,"5":24,"6":6,"7":24,"8":0,"9":24,"10":0,"11":0,"12":24},"f":{"0":24,"1":6,"2":0,"3":0},"b":{"0":[24,21]},"_coverageSchema":"1a1c01bbd47fc00a2c39e90264f33305004495a9","hash":"cc0752fe512387b7e03112ed360ea22ed9f5cf60"}
,"C:\\Users\\Hp\\Pictures\\_REACT\\researchpaper\\research-paper\\src\\util\\validation.js": {"path":"C:\\Users\\Hp\\Pictures\\_REACT\\researchpaper\\research-paper\\src\\util\\validation.js","statementMap":{"0":{"start":{"line":2,"column":2},"end":{"line":2,"column":29}},"1":{"start":{"line":6,"column":2},"end":{"line":6,"column":29}},"2":{"start":{"line":10,"column":2},"end":{"line":10,"column":35}},"3":{"start":{"line":14,"column":2},"end":{"line":14,"column":30}}},"fnMap":{"0":{"name":"isEmail","decl":{"start":{"line":1,"column":16},"end":{"line":1,"column":23}},"loc":{"start":{"line":1,"column":31},"end":{"line":3,"column":1}},"line":1},"1":{"name":"isNotEmpty","decl":{"start":{"line":5,"column":16},"end":{"line":5,"column":26}},"loc":{"start":{"line":5,"column":34},"end":{"line":7,"column":1}},"line":5},"2":{"name":"hasMinLength","decl":{"start":{"line":9,"column":16},"end":{"line":9,"column":28}},"loc":{"start":{"line":9,"column":47},"end":{"line":11,"column":1}},"line":9},"3":{"name":"isEqualsToOtherValue","decl":{"start":{"line":13,"column":16},"end":{"line":13,"column":36}},"loc":{"start":{"line":13,"column":56},"end":{"line":15,"column":1}},"line":13}},"branchMap":{},"s":{"0":0,"1":0,"2":0,"3":0},"f":{"0":0,"1":0,"2":0,"3":0},"b":{}}
}
