{"C:\\Users\\Hp\\Pictures\\_REACT\\researchpaper\\research-paper\\src\\App.jsx": {"path":"C:\\Users\\Hp\\Pictures\\_REACT\\researchpaper\\research-paper\\src\\App.jsx","statementMap":{"0":{"start":{"line":11,"column":42},"end":{"line":11,"column":57}},"1":{"start":{"line":12,"column":46},"end":{"line":12,"column":59}},"2":{"start":{"line":13,"column":24},"end":{"line":30,"column":3}},"3":{"start":{"line":14,"column":4},"end":{"line":14,"column":34}},"4":{"start":{"line":17,"column":22},"end":{"line":21,"column":5}},"5":{"start":{"line":19,"column":8},"end":{"line":20,"column":51}},"6":{"start":{"line":23,"column":4},"end":{"line":29,"column":5}},"7":{"start":{"line":24,"column":6},"end":{"line":24,"column":42}},"8":{"start":{"line":25,"column":6},"end":{"line":25,"column":29}},"9":{"start":{"line":27,"column":6},"end":{"line":27,"column":45}},"10":{"start":{"line":28,"column":6},"end":{"line":28,"column":28}},"11":{"start":{"line":32,"column":26},"end":{"line":35,"column":3}},"12":{"start":{"line":33,"column":4},"end":{"line":33,"column":27}},"13":{"start":{"line":34,"column":4},"end":{"line":34,"column":28}},"14":{"start":{"line":37,"column":28},"end":{"line":53,"column":3}},"15":{"start":{"line":55,"column":31},"end":{"line":63,"column":3}},"16":{"start":{"line":65,"column":2},"end":{"line":65,"column":39}},"17":{"start":{"line":69,"column":2},"end":{"line":71,"column":21}}},"fnMap":{"0":{"name":"App","decl":{"start":{"line":10,"column":9},"end":{"line":10,"column":12}},"loc":{"start":{"line":10,"column":15},"end":{"line":66,"column":1}},"line":10},"1":{"name":"(anonymous_1)","decl":{"start":{"line":13,"column":24},"end":{"line":13,"column":25}},"loc":{"start":{"line":13,"column":52},"end":{"line":30,"column":3}},"line":13},"2":{"name":"(anonymous_2)","decl":{"start":{"line":18,"column":6},"end":{"line":18,"column":7}},"loc":{"start":{"line":19,"column":8},"end":{"line":20,"column":51}},"line":19},"3":{"name":"(anonymous_3)","decl":{"start":{"line":32,"column":26},"end":{"line":32,"column":27}},"loc":{"start":{"line":32,"column":32},"end":{"line":35,"column":3}},"line":32},"4":{"name":"(anonymous_4)","decl":{"start":{"line":68,"column":15},"end":{"line":68,"column":16}},"loc":{"start":{"line":69,"column":2},"end":{"line":71,"column":21}},"line":69}},"branchMap":{"0":{"loc":{"start":{"line":19,"column":8},"end":{"line":20,"column":51}},"type":"binary-expr","locations":[{"start":{"line":19,"column":8},"end":{"line":19,"column":45}},{"start":{"line":20,"column":8},"end":{"line":20,"column":51}}],"line":19},"1":{"loc":{"start":{"line":23,"column":4},"end":{"line":29,"column":5}},"type":"if","locations":[{"start":{"line":23,"column":4},"end":{"line":29,"column":5}},{"start":{"line":26,"column":11},"end":{"line":29,"column":5}}],"line":23},"2":{"loc":{"start":{"line":37,"column":28},"end":{"line":53,"column":3}},"type":"cond-expr","locations":[{"start":{"line":38,"column":4},"end":{"line":45,"column":7}},{"start":{"line":47,"column":4},"end":{"line":52,"column":7}}],"line":37},"3":{"loc":{"start":{"line":55,"column":31},"end":{"line":63,"column":3}},"type":"cond-expr","locations":[{"start":{"line":56,"column":4},"end":{"line":60,"column":19}},{"start":{"line":62,"column":4},"end":{"line":62,"column":23}}],"line":55}},"s":{"0":0,"1":0,"2":0,"3":0,"4":0,"5":0,"6":0,"7":0,"8":0,"9":0,"10":0,"11":0,"12":0,"13":0,"14":0,"15":0,"16":0,"17":0},"f":{"0":0,"1":0,"2":0,"3":0,"4":0},"b":{"0":[0,0],"1":[0,0],"2":[0,0],"3":[0,0]}}
,"C:\\Users\\Hp\\Pictures\\_REACT\\researchpaper\\research-paper\\src\\main.jsx": {"path":"C:\\Users\\Hp\\Pictures\\_REACT\\researchpaper\\research-paper\\src\\main.jsx","statementMap":{"0":{"start":{"line":10,"column":19},"end":{"line":10,"column":50}},"1":{"start":{"line":11,"column":0},"end":{"line":11,"column":48}}},"fnMap":{},"branchMap":{},"s":{"0":0,"1":0},"f":{},"b":{}}
,"C:\\Users\\Hp\\Pictures\\_REACT\\researchpaper\\research-paper\\src\\common\\Loader\\index.jsx": {"path":"C:\\Users\\Hp\\Pictures\\_REACT\\researchpaper\\research-paper\\src\\common\\Loader\\index.jsx","statementMap":{"0":{"start":{"line":1,"column":15},"end":{"line":7,"column":1}},"1":{"start":{"line":2,"column":2},"end":{"line":6,"column":4}}},"fnMap":{"0":{"name":"(anonymous_0)","decl":{"start":{"line":1,"column":15},"end":{"line":1,"column":16}},"loc":{"start":{"line":1,"column":21},"end":{"line":7,"column":1}},"line":1}},"branchMap":{},"s":{"0":0,"1":0},"f":{"0":0},"b":{}}
,"C:\\Users\\Hp\\Pictures\\_REACT\\researchpaper\\research-paper\\src\\components\\CardDataStats.jsx": {"path":"C:\\Users\\Hp\\Pictures\\_REACT\\researchpaper\\research-paper\\src\\components\\CardDataStats.jsx","statementMap":{"0":{"start":{"line":3,"column":22},"end":{"line":66,"column":1}},"1":{"start":{"line":11,"column":2},"end":{"line":65,"column":4}}},"fnMap":{"0":{"name":"(anonymous_0)","decl":{"start":{"line":3,"column":22},"end":{"line":3,"column":23}},"loc":{"start":{"line":10,"column":6},"end":{"line":66,"column":1}},"line":10}},"branchMap":{"0":{"loc":{"start":{"line":27,"column":12},"end":{"line":27,"column":36}},"type":"binary-expr","locations":[{"start":{"line":27,"column":12},"end":{"line":27,"column":19}},{"start":{"line":27,"column":23},"end":{"line":27,"column":36}}],"line":27},"1":{"loc":{"start":{"line":28,"column":14},"end":{"line":28,"column":40}},"type":"binary-expr","locations":[{"start":{"line":28,"column":14},"end":{"line":28,"column":23}},{"start":{"line":28,"column":27},"end":{"line":28,"column":40}}],"line":28},"2":{"loc":{"start":{"line":32,"column":11},"end":{"line":46,"column":11}},"type":"binary-expr","locations":[{"start":{"line":32,"column":11},"end":{"line":32,"column":18}},{"start":{"line":33,"column":12},"end":{"line":45,"column":18}}],"line":32},"3":{"loc":{"start":{"line":47,"column":11},"end":{"line":61,"column":11}},"type":"binary-expr","locations":[{"start":{"line":47,"column":11},"end":{"line":47,"column":20}},{"start":{"line":48,"column":12},"end":{"line":60,"column":18}}],"line":47}},"s":{"0":0,"1":0},"f":{"0":0},"b":{"0":[0,0],"1":[0,0],"2":[0,0],"3":[0,0]}}
,"C:\\Users\\Hp\\Pictures\\_REACT\\researchpaper\\research-paper\\src\\components\\HeaderLogin.jsx": {"path":"C:\\Users\\Hp\\Pictures\\_REACT\\researchpaper\\research-paper\\src\\components\\HeaderLogin.jsx","statementMap":{"0":{"start":{"line":4,"column":2},"end":{"line":9,"column":4}}},"fnMap":{"0":{"name":"HeaderLogin","decl":{"start":{"line":3,"column":24},"end":{"line":3,"column":35}},"loc":{"start":{"line":3,"column":38},"end":{"line":10,"column":1}},"line":3}},"branchMap":{},"s":{"0":0},"f":{"0":0},"b":{}}
,"C:\\Users\\Hp\\Pictures\\_REACT\\researchpaper\\research-paper\\src\\components\\PageTitle.jsx": {"path":"C:\\Users\\Hp\\Pictures\\_REACT\\researchpaper\\research-paper\\src\\components\\PageTitle.jsx","statementMap":{"0":{"start":{"line":4,"column":18},"end":{"line":12,"column":1}},"1":{"start":{"line":5,"column":19},"end":{"line":5,"column":32}},"2":{"start":{"line":7,"column":2},"end":{"line":9,"column":24}},"3":{"start":{"line":8,"column":4},"end":{"line":8,"column":27}},"4":{"start":{"line":11,"column":2},"end":{"line":11,"column":14}}},"fnMap":{"0":{"name":"(anonymous_0)","decl":{"start":{"line":4,"column":18},"end":{"line":4,"column":19}},"loc":{"start":{"line":4,"column":33},"end":{"line":12,"column":1}},"line":4},"1":{"name":"(anonymous_1)","decl":{"start":{"line":7,"column":12},"end":{"line":7,"column":13}},"loc":{"start":{"line":7,"column":18},"end":{"line":9,"column":3}},"line":7}},"branchMap":{},"s":{"0":0,"1":0,"2":0,"3":0,"4":0},"f":{"0":0,"1":0},"b":{}}
,"C:\\Users\\Hp\\Pictures\\_REACT\\researchpaper\\research-paper\\src\\components\\datausers.js": {"path":"C:\\Users\\Hp\\Pictures\\_REACT\\researchpaper\\research-paper\\src\\components\\datausers.js","statementMap":{"0":{"start":{"line":1,"column":26},"end":{"line":4,"column":1}},"1":{"start":{"line":6,"column":18},"end":{"line":31,"column":1}}},"fnMap":{},"branchMap":{},"s":{"0":0,"1":0},"f":{},"b":{}}
,"C:\\Users\\Hp\\Pictures\\_REACT\\researchpaper\\research-paper\\src\\components\\Breadcrumbs\\Breadcrumb.jsx": {"path":"C:\\Users\\Hp\\Pictures\\_REACT\\researchpaper\\research-paper\\src\\components\\Breadcrumbs\\Breadcrumb.jsx","statementMap":{"0":{"start":{"line":2,"column":19},"end":{"line":21,"column":1}},"1":{"start":{"line":3,"column":2},"end":{"line":20,"column":4}}},"fnMap":{"0":{"name":"(anonymous_0)","decl":{"start":{"line":2,"column":19},"end":{"line":2,"column":20}},"loc":{"start":{"line":2,"column":37},"end":{"line":21,"column":1}},"line":2}},"branchMap":{},"s":{"0":0,"1":0},"f":{"0":0},"b":{}}
,"C:\\Users\\Hp\\Pictures\\_REACT\\researchpaper\\research-paper\\src\\components\\Charts\\ChartOne.jsx": {"path":"C:\\Users\\Hp\\Pictures\\_REACT\\researchpaper\\research-paper\\src\\components\\Charts\\ChartOne.jsx","statementMap":{"0":{"start":{"line":4,"column":16},"end":{"line":6,"column":1}},"1":{"start":{"line":8,"column":17},"end":{"line":49,"column":1}},"2":{"start":{"line":9,"column":28},"end":{"line":29,"column":4}},"3":{"start":{"line":31,"column":2},"end":{"line":48,"column":4}}},"fnMap":{"0":{"name":"(anonymous_0)","decl":{"start":{"line":8,"column":17},"end":{"line":8,"column":18}},"loc":{"start":{"line":8,"column":23},"end":{"line":49,"column":1}},"line":8}},"branchMap":{},"s":{"0":0,"1":0,"2":0,"3":0},"f":{"0":0},"b":{}}
,"C:\\Users\\Hp\\Pictures\\_REACT\\researchpaper\\research-paper\\src\\components\\Charts\\ChartResult.jsx": {"path":"C:\\Users\\Hp\\Pictures\\_REACT\\researchpaper\\research-paper\\src\\components\\Charts\\ChartResult.jsx","statementMap":{"0":{"start":{"line":7,"column":20},"end":{"line":134,"column":1}},"1":{"start":{"line":8,"column":60},"end":{"line":8,"column":72}},"2":{"start":{"line":9,"column":36},"end":{"line":25,"column":4}},"3":{"start":{"line":27,"column":2},"end":{"line":84,"column":29}},"4":{"start":{"line":29,"column":22},"end":{"line":81,"column":5}},"5":{"start":{"line":30,"column":6},"end":{"line":80,"column":7}},"6":{"start":{"line":32,"column":8},"end":{"line":77,"column":9}},"7":{"start":{"line":34,"column":23},"end":{"line":34,"column":62}},"8":{"start":{"line":35,"column":10},"end":{"line":76,"column":11}},"9":{"start":{"line":36,"column":27},"end":{"line":36,"column":52}},"10":{"start":{"line":36,"column":45},"end":{"line":36,"column":51}},"11":{"start":{"line":37,"column":27},"end":{"line":37,"column":52}},"12":{"start":{"line":37,"column":45},"end":{"line":37,"column":51}},"13":{"start":{"line":39,"column":12},"end":{"line":75,"column":15}},"14":{"start":{"line":53,"column":22},"end":{"line":55,"column":23}},"15":{"start":{"line":54,"column":24},"end":{"line":54,"column":46}},"16":{"start":{"line":56,"column":22},"end":{"line":56,"column":33}},"17":{"start":{"line":79,"column":8},"end":{"line":79,"column":52}},"18":{"start":{"line":83,"column":4},"end":{"line":83,"column":16}},"19":{"start":{"line":86,"column":25},"end":{"line":103,"column":3}},"20":{"start":{"line":87,"column":25},"end":{"line":87,"column":64}},"21":{"start":{"line":89,"column":15},"end":{"line":89,"column":36}},"22":{"start":{"line":91,"column":19},"end":{"line":93,"column":5}},"23":{"start":{"line":92,"column":6},"end":{"line":92,"column":70}},"24":{"start":{"line":92,"column":25},"end":{"line":92,"column":68}},"25":{"start":{"line":95,"column":15},"end":{"line":95,"column":46}},"26":{"start":{"line":97,"column":4},"end":{"line":97,"column":51}},"27":{"start":{"line":100,"column":21},"end":{"line":100,"column":46}},"28":{"start":{"line":102,"column":4},"end":{"line":102,"column":33}},"29":{"start":{"line":105,"column":42},"end":{"line":105,"column":57}},"30":{"start":{"line":106,"column":21},"end":{"line":108,"column":3}},"31":{"start":{"line":107,"column":4},"end":{"line":107,"column":26}},"32":{"start":{"line":110,"column":39},"end":{"line":110,"column":68}},"33":{"start":{"line":110,"column":48},"end":{"line":110,"column":68}},"34":{"start":{"line":112,"column":2},"end":{"line":133,"column":4}}},"fnMap":{"0":{"name":"(anonymous_0)","decl":{"start":{"line":7,"column":20},"end":{"line":7,"column":21}},"loc":{"start":{"line":7,"column":31},"end":{"line":134,"column":1}},"line":7},"1":{"name":"(anonymous_1)","decl":{"start":{"line":27,"column":12},"end":{"line":27,"column":13}},"loc":{"start":{"line":27,"column":18},"end":{"line":84,"column":3}},"line":27},"2":{"name":"(anonymous_2)","decl":{"start":{"line":29,"column":22},"end":{"line":29,"column":23}},"loc":{"start":{"line":29,"column":34},"end":{"line":81,"column":5}},"line":29},"3":{"name":"(anonymous_3)","decl":{"start":{"line":36,"column":36},"end":{"line":36,"column":37}},"loc":{"start":{"line":36,"column":45},"end":{"line":36,"column":51}},"line":36},"4":{"name":"(anonymous_4)","decl":{"start":{"line":37,"column":36},"end":{"line":37,"column":37}},"loc":{"start":{"line":37,"column":45},"end":{"line":37,"column":51}},"line":37},"5":{"name":"(anonymous_5)","decl":{"start":{"line":52,"column":31},"end":{"line":52,"column":32}},"loc":{"start":{"line":52,"column":46},"end":{"line":57,"column":21}},"line":52},"6":{"name":"(anonymous_6)","decl":{"start":{"line":86,"column":25},"end":{"line":86,"column":26}},"loc":{"start":{"line":86,"column":31},"end":{"line":103,"column":3}},"line":86},"7":{"name":"(anonymous_7)","decl":{"start":{"line":91,"column":36},"end":{"line":91,"column":37}},"loc":{"start":{"line":92,"column":6},"end":{"line":92,"column":70}},"line":92},"8":{"name":"(anonymous_8)","decl":{"start":{"line":92,"column":14},"end":{"line":92,"column":15}},"loc":{"start":{"line":92,"column":25},"end":{"line":92,"column":68}},"line":92},"9":{"name":"(anonymous_9)","decl":{"start":{"line":106,"column":21},"end":{"line":106,"column":22}},"loc":{"start":{"line":106,"column":27},"end":{"line":108,"column":3}},"line":106},"10":{"name":"(anonymous_10)","decl":{"start":{"line":110,"column":39},"end":{"line":110,"column":40}},"loc":{"start":{"line":110,"column":48},"end":{"line":110,"column":68}},"line":110}},"branchMap":{"0":{"loc":{"start":{"line":32,"column":8},"end":{"line":77,"column":9}},"type":"if","locations":[{"start":{"line":32,"column":8},"end":{"line":77,"column":9}},{"start":{},"end":{}}],"line":32},"1":{"loc":{"start":{"line":32,"column":12},"end":{"line":32,"column":67}},"type":"binary-expr","locations":[{"start":{"line":32,"column":12},"end":{"line":32,"column":32}},{"start":{"line":32,"column":36},"end":{"line":32,"column":67}}],"line":32},"2":{"loc":{"start":{"line":35,"column":10},"end":{"line":76,"column":11}},"type":"if","locations":[{"start":{"line":35,"column":10},"end":{"line":76,"column":11}},{"start":{},"end":{}}],"line":35},"3":{"loc":{"start":{"line":35,"column":14},"end":{"line":35,"column":37}},"type":"binary-expr","locations":[{"start":{"line":35,"column":14},"end":{"line":35,"column":18}},{"start":{"line":35,"column":22},"end":{"line":35,"column":37}}],"line":35},"4":{"loc":{"start":{"line":53,"column":22},"end":{"line":55,"column":23}},"type":"if","locations":[{"start":{"line":53,"column":22},"end":{"line":55,"column":23}},{"start":{},"end":{}}],"line":53},"5":{"loc":{"start":{"line":92,"column":25},"end":{"line":92,"column":68}},"type":"cond-expr","locations":[{"start":{"line":92,"column":52},"end":{"line":92,"column":56}},{"start":{"line":92,"column":59},"end":{"line":92,"column":68}}],"line":92},"6":{"loc":{"start":{"line":126,"column":7},"end":{"line":131,"column":7}},"type":"binary-expr","locations":[{"start":{"line":126,"column":7},"end":{"line":126,"column":19}},{"start":{"line":127,"column":8},"end":{"line":130,"column":10}}],"line":126}},"s":{"0":0,"1":0,"2":0,"3":0,"4":0,"5":0,"6":0,"7":0,"8":0,"9":0,"10":0,"11":0,"12":0,"13":0,"14":0,"15":0,"16":0,"17":0,"18":0,"19":0,"20":0,"21":0,"22":0,"23":0,"24":0,"25":0,"26":0,"27":0,"28":0,"29":0,"30":0,"31":0,"32":0,"33":0,"34":0},"f":{"0":0,"1":0,"2":0,"3":0,"4":0,"5":0,"6":0,"7":0,"8":0,"9":0,"10":0},"b":{"0":[0,0],"1":[0,0],"2":[0,0],"3":[0,0],"4":[0,0],"5":[0,0],"6":[0,0]}}
,"C:\\Users\\Hp\\Pictures\\_REACT\\researchpaper\\research-paper\\src\\components\\Charts\\ChartThree.jsx": {"path":"C:\\Users\\Hp\\Pictures\\_REACT\\researchpaper\\research-paper\\src\\components\\Charts\\ChartThree.jsx","statementMap":{"0":{"start":{"line":4,"column":16},"end":{"line":51,"column":1}},"1":{"start":{"line":53,"column":19},"end":{"line":119,"column":1}},"2":{"start":{"line":54,"column":28},"end":{"line":56,"column":4}},"3":{"start":{"line":57,"column":2},"end":{"line":118,"column":4}},"4":{"start":{"line":106,"column":10},"end":{"line":114,"column":16}}},"fnMap":{"0":{"name":"(anonymous_0)","decl":{"start":{"line":53,"column":19},"end":{"line":53,"column":20}},"loc":{"start":{"line":53,"column":25},"end":{"line":119,"column":1}},"line":53},"1":{"name":"(anonymous_1)","decl":{"start":{"line":105,"column":26},"end":{"line":105,"column":27}},"loc":{"start":{"line":106,"column":10},"end":{"line":114,"column":16}},"line":106}},"branchMap":{},"s":{"0":0,"1":0,"2":0,"3":0,"4":0},"f":{"0":0,"1":0},"b":{}}
,"C:\\Users\\Hp\\Pictures\\_REACT\\researchpaper\\research-paper\\src\\components\\Charts\\ChartTwo.jsx": {"path":"C:\\Users\\Hp\\Pictures\\_REACT\\researchpaper\\research-paper\\src\\components\\Charts\\ChartTwo.jsx","statementMap":{"0":{"start":{"line":4,"column":16},"end":{"line":59,"column":1}},"1":{"start":{"line":61,"column":17},"end":{"line":136,"column":1}},"2":{"start":{"line":62,"column":28},"end":{"line":73,"column":4}},"3":{"start":{"line":74,"column":22},"end":{"line":78,"column":3}},"4":{"start":{"line":75,"column":4},"end":{"line":77,"column":8}},"5":{"start":{"line":75,"column":29},"end":{"line":77,"column":5}},"6":{"start":{"line":79,"column":2},"end":{"line":135,"column":4}}},"fnMap":{"0":{"name":"(anonymous_0)","decl":{"start":{"line":61,"column":17},"end":{"line":61,"column":18}},"loc":{"start":{"line":61,"column":23},"end":{"line":136,"column":1}},"line":61},"1":{"name":"(anonymous_1)","decl":{"start":{"line":74,"column":22},"end":{"line":74,"column":23}},"loc":{"start":{"line":74,"column":28},"end":{"line":78,"column":3}},"line":74},"2":{"name":"(anonymous_2)","decl":{"start":{"line":75,"column":13},"end":{"line":75,"column":14}},"loc":{"start":{"line":75,"column":29},"end":{"line":77,"column":5}},"line":75}},"branchMap":{},"s":{"0":0,"1":0,"2":0,"3":0,"4":0,"5":0,"6":0},"f":{"0":0,"1":0,"2":0},"b":{}}
,"C:\\Users\\Hp\\Pictures\\_REACT\\researchpaper\\research-paper\\src\\components\\Chat\\ChatCard.jsx": {"path":"C:\\Users\\Hp\\Pictures\\_REACT\\researchpaper\\research-paper\\src\\components\\Chat\\ChatCard.jsx","statementMap":{"0":{"start":{"line":9,"column":17},"end":{"line":58,"column":1}},"1":{"start":{"line":60,"column":17},"end":{"line":108,"column":1}},"2":{"start":{"line":61,"column":2},"end":{"line":107,"column":4}},"3":{"start":{"line":69,"column":10},"end":{"line":103,"column":17}}},"fnMap":{"0":{"name":"(anonymous_0)","decl":{"start":{"line":60,"column":17},"end":{"line":60,"column":18}},"loc":{"start":{"line":60,"column":23},"end":{"line":108,"column":1}},"line":60},"1":{"name":"(anonymous_1)","decl":{"start":{"line":68,"column":22},"end":{"line":68,"column":23}},"loc":{"start":{"line":69,"column":10},"end":{"line":103,"column":17}},"line":69}},"branchMap":{"0":{"loc":{"start":{"line":94,"column":15},"end":{"line":101,"column":15}},"type":"binary-expr","locations":[{"start":{"line":94,"column":15},"end":{"line":94,"column":35}},{"start":{"line":95,"column":16},"end":{"line":100,"column":22}}],"line":94}},"s":{"0":0,"1":0,"2":0,"3":0},"f":{"0":0,"1":0},"b":{"0":[0,0]}}
,"C:\\Users\\Hp\\Pictures\\_REACT\\researchpaper\\research-paper\\src\\components\\Context\\ChartDataContext.jsx": {"path":"C:\\Users\\Hp\\Pictures\\_REACT\\researchpaper\\research-paper\\src\\components\\Context\\ChartDataContext.jsx","statementMap":{"0":{"start":{"line":3,"column":20},"end":{"line":3,"column":35}},"1":{"start":{"line":5,"column":26},"end":{"line":7,"column":1}},"2":{"start":{"line":6,"column":2},"end":{"line":6,"column":33}},"3":{"start":{"line":9,"column":28},"end":{"line":1649,"column":1}},"4":{"start":{"line":21,"column":15},"end":{"line":1638,"column":3}},"5":{"start":{"line":1640,"column":58},"end":{"line":1640,"column":72}},"6":{"start":{"line":1642,"column":2},"end":{"line":1648,"column":4}}},"fnMap":{"0":{"name":"(anonymous_0)","decl":{"start":{"line":5,"column":26},"end":{"line":5,"column":27}},"loc":{"start":{"line":5,"column":32},"end":{"line":7,"column":1}},"line":5},"1":{"name":"(anonymous_1)","decl":{"start":{"line":9,"column":28},"end":{"line":9,"column":29}},"loc":{"start":{"line":9,"column":46},"end":{"line":1649,"column":1}},"line":9}},"branchMap":{},"s":{"0":0,"1":0,"2":0,"3":0,"4":0,"5":0,"6":0},"f":{"0":0,"1":0},"b":{}}
,"C:\\Users\\Hp\\Pictures\\_REACT\\researchpaper\\research-paper\\src\\components\\Context\\ExperementsContext.jsx": {"path":"C:\\Users\\Hp\\Pictures\\_REACT\\researchpaper\\research-paper\\src\\components\\Context\\ExperementsContext.jsx","statementMap":{"0":{"start":{"line":2,"column":26},"end":{"line":2,"column":41}},"1":{"start":{"line":4,"column":29},"end":{"line":6,"column":1}},"2":{"start":{"line":5,"column":2},"end":{"line":5,"column":39}},"3":{"start":{"line":8,"column":34},"end":{"line":29,"column":1}},"4":{"start":{"line":9,"column":46},"end":{"line":22,"column":4}},"5":{"start":{"line":24,"column":2},"end":{"line":28,"column":4}}},"fnMap":{"0":{"name":"(anonymous_0)","decl":{"start":{"line":4,"column":29},"end":{"line":4,"column":30}},"loc":{"start":{"line":4,"column":35},"end":{"line":6,"column":1}},"line":4},"1":{"name":"(anonymous_1)","decl":{"start":{"line":8,"column":34},"end":{"line":8,"column":35}},"loc":{"start":{"line":8,"column":52},"end":{"line":29,"column":1}},"line":8}},"branchMap":{},"s":{"0":0,"1":0,"2":0,"3":0,"4":0,"5":0},"f":{"0":0,"1":0},"b":{}}
,"C:\\Users\\Hp\\Pictures\\_REACT\\researchpaper\\research-paper\\src\\components\\Context\\ShowInfoContext.jsx": {"path":"C:\\Users\\Hp\\Pictures\\_REACT\\researchpaper\\research-paper\\src\\components\\Context\\ShowInfoContext.jsx","statementMap":{"0":{"start":{"line":3,"column":24},"end":{"line":3,"column":39}},"1":{"start":{"line":5,"column":27},"end":{"line":5,"column":60}},"2":{"start":{"line":5,"column":33},"end":{"line":5,"column":60}},"3":{"start":{"line":7,"column":32},"end":{"line":15,"column":1}},"4":{"start":{"line":8,"column":44},"end":{"line":8,"column":58}},"5":{"start":{"line":10,"column":2},"end":{"line":14,"column":4}}},"fnMap":{"0":{"name":"(anonymous_0)","decl":{"start":{"line":5,"column":27},"end":{"line":5,"column":28}},"loc":{"start":{"line":5,"column":33},"end":{"line":5,"column":60}},"line":5},"1":{"name":"(anonymous_1)","decl":{"start":{"line":7,"column":32},"end":{"line":7,"column":33}},"loc":{"start":{"line":7,"column":50},"end":{"line":15,"column":1}},"line":7}},"branchMap":{},"s":{"0":0,"1":0,"2":0,"3":0,"4":0,"5":0},"f":{"0":0,"1":0},"b":{}}
,"C:\\Users\\Hp\\Pictures\\_REACT\\researchpaper\\research-paper\\src\\components\\Header\\DarkModeSwitcher.jsx": {"path":"C:\\Users\\Hp\\Pictures\\_REACT\\researchpaper\\research-paper\\src\\components\\Header\\DarkModeSwitcher.jsx","statementMap":{"0":{"start":{"line":3,"column":25},"end":{"line":63,"column":1}},"1":{"start":{"line":4,"column":36},"end":{"line":4,"column":50}},"2":{"start":{"line":6,"column":2},"end":{"line":62,"column":4}},"3":{"start":{"line":16,"column":12},"end":{"line":18,"column":13}},"4":{"start":{"line":17,"column":14},"end":{"line":17,"column":69}}},"fnMap":{"0":{"name":"(anonymous_0)","decl":{"start":{"line":3,"column":25},"end":{"line":3,"column":26}},"loc":{"start":{"line":3,"column":31},"end":{"line":63,"column":1}},"line":3},"1":{"name":"(anonymous_1)","decl":{"start":{"line":15,"column":20},"end":{"line":15,"column":21}},"loc":{"start":{"line":15,"column":26},"end":{"line":19,"column":11}},"line":15}},"branchMap":{"0":{"loc":{"start":{"line":10,"column":10},"end":{"line":10,"column":59}},"type":"cond-expr","locations":[{"start":{"line":10,"column":33},"end":{"line":10,"column":45}},{"start":{"line":10,"column":48},"end":{"line":10,"column":59}}],"line":10},"1":{"loc":{"start":{"line":16,"column":12},"end":{"line":18,"column":13}},"type":"if","locations":[{"start":{"line":16,"column":12},"end":{"line":18,"column":13}},{"start":{},"end":{}}],"line":16},"2":{"loc":{"start":{"line":17,"column":27},"end":{"line":17,"column":67}},"type":"cond-expr","locations":[{"start":{"line":17,"column":51},"end":{"line":17,"column":57}},{"start":{"line":17,"column":60},"end":{"line":17,"column":67}}],"line":17},"3":{"loc":{"start":{"line":24,"column":12},"end":{"line":24,"column":68}},"type":"binary-expr","locations":[{"start":{"line":24,"column":12},"end":{"line":24,"column":32}},{"start":{"line":24,"column":36},"end":{"line":24,"column":68}}],"line":24}},"s":{"0":0,"1":0,"2":0,"3":0,"4":0},"f":{"0":0,"1":0},"b":{"0":[0,0],"1":[0,0],"2":[0,0],"3":[0,0]}}
,"C:\\Users\\Hp\\Pictures\\_REACT\\researchpaper\\research-paper\\src\\components\\Header\\DropdownMessage.jsx": {"path":"C:\\Users\\Hp\\Pictures\\_REACT\\researchpaper\\research-paper\\src\\components\\Header\\DropdownMessage.jsx","statementMap":{"0":{"start":{"line":9,"column":24},"end":{"line":181,"column":1}},"1":{"start":{"line":10,"column":42},"end":{"line":10,"column":57}},"2":{"start":{"line":11,"column":36},"end":{"line":11,"column":50}},"3":{"start":{"line":13,"column":18},"end":{"line":13,"column":30}},"4":{"start":{"line":14,"column":19},"end":{"line":14,"column":31}},"5":{"start":{"line":17,"column":2},"end":{"line":30,"column":5}},"6":{"start":{"line":18,"column":25},"end":{"line":27,"column":5}},"7":{"start":{"line":19,"column":6},"end":{"line":19,"column":36}},"8":{"start":{"line":19,"column":29},"end":{"line":19,"column":36}},"9":{"start":{"line":20,"column":6},"end":{"line":25,"column":15}},"10":{"start":{"line":25,"column":8},"end":{"line":25,"column":15}},"11":{"start":{"line":26,"column":6},"end":{"line":26,"column":29}},"12":{"start":{"line":28,"column":4},"end":{"line":28,"column":53}},"13":{"start":{"line":29,"column":4},"end":{"line":29,"column":69}},"14":{"start":{"line":29,"column":17},"end":{"line":29,"column":68}},"15":{"start":{"line":33,"column":2},"end":{"line":40,"column":5}},"16":{"start":{"line":34,"column":23},"end":{"line":37,"column":5}},"17":{"start":{"line":35,"column":6},"end":{"line":35,"column":50}},"18":{"start":{"line":35,"column":43},"end":{"line":35,"column":50}},"19":{"start":{"line":36,"column":6},"end":{"line":36,"column":29}},"20":{"start":{"line":38,"column":4},"end":{"line":38,"column":53}},"21":{"start":{"line":39,"column":4},"end":{"line":39,"column":69}},"22":{"start":{"line":39,"column":17},"end":{"line":39,"column":68}},"23":{"start":{"line":42,"column":2},"end":{"line":180,"column":4}},"24":{"start":{"line":47,"column":10},"end":{"line":47,"column":30}},"25":{"start":{"line":48,"column":10},"end":{"line":48,"column":41}},"26":{"start":{"line":91,"column":23},"end":{"line":91,"column":44}},"27":{"start":{"line":92,"column":22},"end":{"line":92,"column":44}}},"fnMap":{"0":{"name":"(anonymous_0)","decl":{"start":{"line":9,"column":24},"end":{"line":9,"column":25}},"loc":{"start":{"line":9,"column":30},"end":{"line":181,"column":1}},"line":9},"1":{"name":"(anonymous_1)","decl":{"start":{"line":17,"column":12},"end":{"line":17,"column":13}},"loc":{"start":{"line":17,"column":18},"end":{"line":30,"column":3}},"line":17},"2":{"name":"(anonymous_2)","decl":{"start":{"line":18,"column":25},"end":{"line":18,"column":26}},"loc":{"start":{"line":18,"column":41},"end":{"line":27,"column":5}},"line":18},"3":{"name":"(anonymous_3)","decl":{"start":{"line":29,"column":11},"end":{"line":29,"column":12}},"loc":{"start":{"line":29,"column":17},"end":{"line":29,"column":68}},"line":29},"4":{"name":"(anonymous_4)","decl":{"start":{"line":33,"column":12},"end":{"line":33,"column":13}},"loc":{"start":{"line":33,"column":18},"end":{"line":40,"column":3}},"line":33},"5":{"name":"(anonymous_5)","decl":{"start":{"line":34,"column":23},"end":{"line":34,"column":24}},"loc":{"start":{"line":34,"column":40},"end":{"line":37,"column":5}},"line":34},"6":{"name":"(anonymous_6)","decl":{"start":{"line":39,"column":11},"end":{"line":39,"column":12}},"loc":{"start":{"line":39,"column":17},"end":{"line":39,"column":68}},"line":39},"7":{"name":"(anonymous_7)","decl":{"start":{"line":46,"column":17},"end":{"line":46,"column":18}},"loc":{"start":{"line":46,"column":23},"end":{"line":49,"column":9}},"line":46},"8":{"name":"(anonymous_8)","decl":{"start":{"line":91,"column":17},"end":{"line":91,"column":18}},"loc":{"start":{"line":91,"column":23},"end":{"line":91,"column":44}},"line":91},"9":{"name":"(anonymous_9)","decl":{"start":{"line":92,"column":16},"end":{"line":92,"column":17}},"loc":{"start":{"line":92,"column":22},"end":{"line":92,"column":44}},"line":92}},"branchMap":{"0":{"loc":{"start":{"line":19,"column":6},"end":{"line":19,"column":36}},"type":"if","locations":[{"start":{"line":19,"column":6},"end":{"line":19,"column":36}},{"start":{},"end":{}}],"line":19},"1":{"loc":{"start":{"line":20,"column":6},"end":{"line":25,"column":15}},"type":"if","locations":[{"start":{"line":20,"column":6},"end":{"line":25,"column":15}},{"start":{},"end":{}}],"line":20},"2":{"loc":{"start":{"line":21,"column":8},"end":{"line":23,"column":40}},"type":"binary-expr","locations":[{"start":{"line":21,"column":8},"end":{"line":21,"column":21}},{"start":{"line":22,"column":8},"end":{"line":22,"column":41}},{"start":{"line":23,"column":8},"end":{"line":23,"column":40}}],"line":21},"3":{"loc":{"start":{"line":35,"column":6},"end":{"line":35,"column":50}},"type":"if","locations":[{"start":{"line":35,"column":6},"end":{"line":35,"column":50}},{"start":{},"end":{}}],"line":35},"4":{"loc":{"start":{"line":35,"column":10},"end":{"line":35,"column":41}},"type":"binary-expr","locations":[{"start":{"line":35,"column":10},"end":{"line":35,"column":23}},{"start":{"line":35,"column":27},"end":{"line":35,"column":41}}],"line":35},"5":{"loc":{"start":{"line":55,"column":12},"end":{"line":55,"column":53}},"type":"cond-expr","locations":[{"start":{"line":55,"column":34},"end":{"line":55,"column":42}},{"start":{"line":55,"column":45},"end":{"line":55,"column":53}}],"line":55},"6":{"loc":{"start":{"line":94,"column":10},"end":{"line":94,"column":52}},"type":"cond-expr","locations":[{"start":{"line":94,"column":34},"end":{"line":94,"column":41}},{"start":{"line":94,"column":44},"end":{"line":94,"column":52}}],"line":94}},"s":{"0":0,"1":0,"2":0,"3":0,"4":0,"5":0,"6":0,"7":0,"8":0,"9":0,"10":0,"11":0,"12":0,"13":0,"14":0,"15":0,"16":0,"17":0,"18":0,"19":0,"20":0,"21":0,"22":0,"23":0,"24":0,"25":0,"26":0,"27":0},"f":{"0":0,"1":0,"2":0,"3":0,"4":0,"5":0,"6":0,"7":0,"8":0,"9":0},"b":{"0":[0,0],"1":[0,0],"2":[0,0,0],"3":[0,0],"4":[0,0],"5":[0,0],"6":[0,0]}}
,"C:\\Users\\Hp\\Pictures\\_REACT\\researchpaper\\research-paper\\src\\components\\Header\\DropdownNotification.jsx": {"path":"C:\\Users\\Hp\\Pictures\\_REACT\\researchpaper\\research-paper\\src\\components\\Header\\DropdownNotification.jsx","statementMap":{"0":{"start":{"line":4,"column":29},"end":{"line":133,"column":1}},"1":{"start":{"line":5,"column":42},"end":{"line":5,"column":57}},"2":{"start":{"line":6,"column":36},"end":{"line":6,"column":50}},"3":{"start":{"line":8,"column":18},"end":{"line":8,"column":30}},"4":{"start":{"line":9,"column":19},"end":{"line":9,"column":31}},"5":{"start":{"line":11,"column":2},"end":{"line":24,"column":5}},"6":{"start":{"line":12,"column":25},"end":{"line":21,"column":5}},"7":{"start":{"line":13,"column":6},"end":{"line":13,"column":36}},"8":{"start":{"line":13,"column":29},"end":{"line":13,"column":36}},"9":{"start":{"line":14,"column":6},"end":{"line":19,"column":15}},"10":{"start":{"line":19,"column":8},"end":{"line":19,"column":15}},"11":{"start":{"line":20,"column":6},"end":{"line":20,"column":29}},"12":{"start":{"line":22,"column":4},"end":{"line":22,"column":53}},"13":{"start":{"line":23,"column":4},"end":{"line":23,"column":69}},"14":{"start":{"line":23,"column":17},"end":{"line":23,"column":68}},"15":{"start":{"line":27,"column":2},"end":{"line":34,"column":5}},"16":{"start":{"line":28,"column":23},"end":{"line":31,"column":5}},"17":{"start":{"line":29,"column":6},"end":{"line":29,"column":50}},"18":{"start":{"line":29,"column":43},"end":{"line":29,"column":50}},"19":{"start":{"line":30,"column":6},"end":{"line":30,"column":29}},"20":{"start":{"line":32,"column":4},"end":{"line":32,"column":53}},"21":{"start":{"line":33,"column":4},"end":{"line":33,"column":69}},"22":{"start":{"line":33,"column":17},"end":{"line":33,"column":68}},"23":{"start":{"line":36,"column":2},"end":{"line":132,"column":4}},"24":{"start":{"line":41,"column":10},"end":{"line":41,"column":30}},"25":{"start":{"line":42,"column":10},"end":{"line":42,"column":41}},"26":{"start":{"line":72,"column":23},"end":{"line":72,"column":44}},"27":{"start":{"line":73,"column":22},"end":{"line":73,"column":44}}},"fnMap":{"0":{"name":"(anonymous_0)","decl":{"start":{"line":4,"column":29},"end":{"line":4,"column":30}},"loc":{"start":{"line":4,"column":35},"end":{"line":133,"column":1}},"line":4},"1":{"name":"(anonymous_1)","decl":{"start":{"line":11,"column":12},"end":{"line":11,"column":13}},"loc":{"start":{"line":11,"column":18},"end":{"line":24,"column":3}},"line":11},"2":{"name":"(anonymous_2)","decl":{"start":{"line":12,"column":25},"end":{"line":12,"column":26}},"loc":{"start":{"line":12,"column":41},"end":{"line":21,"column":5}},"line":12},"3":{"name":"(anonymous_3)","decl":{"start":{"line":23,"column":11},"end":{"line":23,"column":12}},"loc":{"start":{"line":23,"column":17},"end":{"line":23,"column":68}},"line":23},"4":{"name":"(anonymous_4)","decl":{"start":{"line":27,"column":12},"end":{"line":27,"column":13}},"loc":{"start":{"line":27,"column":18},"end":{"line":34,"column":3}},"line":27},"5":{"name":"(anonymous_5)","decl":{"start":{"line":28,"column":23},"end":{"line":28,"column":24}},"loc":{"start":{"line":28,"column":40},"end":{"line":31,"column":5}},"line":28},"6":{"name":"(anonymous_6)","decl":{"start":{"line":33,"column":11},"end":{"line":33,"column":12}},"loc":{"start":{"line":33,"column":17},"end":{"line":33,"column":68}},"line":33},"7":{"name":"(anonymous_7)","decl":{"start":{"line":40,"column":17},"end":{"line":40,"column":18}},"loc":{"start":{"line":40,"column":23},"end":{"line":43,"column":9}},"line":40},"8":{"name":"(anonymous_8)","decl":{"start":{"line":72,"column":17},"end":{"line":72,"column":18}},"loc":{"start":{"line":72,"column":23},"end":{"line":72,"column":44}},"line":72},"9":{"name":"(anonymous_9)","decl":{"start":{"line":73,"column":16},"end":{"line":73,"column":17}},"loc":{"start":{"line":73,"column":22},"end":{"line":73,"column":44}},"line":73}},"branchMap":{"0":{"loc":{"start":{"line":13,"column":6},"end":{"line":13,"column":36}},"type":"if","locations":[{"start":{"line":13,"column":6},"end":{"line":13,"column":36}},{"start":{},"end":{}}],"line":13},"1":{"loc":{"start":{"line":14,"column":6},"end":{"line":19,"column":15}},"type":"if","locations":[{"start":{"line":14,"column":6},"end":{"line":19,"column":15}},{"start":{},"end":{}}],"line":14},"2":{"loc":{"start":{"line":15,"column":8},"end":{"line":17,"column":40}},"type":"binary-expr","locations":[{"start":{"line":15,"column":8},"end":{"line":15,"column":21}},{"start":{"line":16,"column":8},"end":{"line":16,"column":41}},{"start":{"line":17,"column":8},"end":{"line":17,"column":40}}],"line":15},"3":{"loc":{"start":{"line":29,"column":6},"end":{"line":29,"column":50}},"type":"if","locations":[{"start":{"line":29,"column":6},"end":{"line":29,"column":50}},{"start":{},"end":{}}],"line":29},"4":{"loc":{"start":{"line":29,"column":10},"end":{"line":29,"column":41}},"type":"binary-expr","locations":[{"start":{"line":29,"column":10},"end":{"line":29,"column":23}},{"start":{"line":29,"column":27},"end":{"line":29,"column":41}}],"line":29},"5":{"loc":{"start":{"line":49,"column":12},"end":{"line":49,"column":53}},"type":"cond-expr","locations":[{"start":{"line":49,"column":34},"end":{"line":49,"column":42}},{"start":{"line":49,"column":45},"end":{"line":49,"column":53}}],"line":49},"6":{"loc":{"start":{"line":75,"column":10},"end":{"line":75,"column":52}},"type":"cond-expr","locations":[{"start":{"line":75,"column":34},"end":{"line":75,"column":41}},{"start":{"line":75,"column":44},"end":{"line":75,"column":52}}],"line":75}},"s":{"0":0,"1":0,"2":0,"3":0,"4":0,"5":0,"6":0,"7":0,"8":0,"9":0,"10":0,"11":0,"12":0,"13":0,"14":0,"15":0,"16":0,"17":0,"18":0,"19":0,"20":0,"21":0,"22":0,"23":0,"24":0,"25":0,"26":0,"27":0},"f":{"0":0,"1":0,"2":0,"3":0,"4":0,"5":0,"6":0,"7":0,"8":0,"9":0},"b":{"0":[0,0],"1":[0,0],"2":[0,0,0],"3":[0,0],"4":[0,0],"5":[0,0],"6":[0,0]}}
,"C:\\Users\\Hp\\Pictures\\_REACT\\researchpaper\\research-paper\\src\\components\\Header\\DropdownUser.jsx": {"path":"C:\\Users\\Hp\\Pictures\\_REACT\\researchpaper\\research-paper\\src\\components\\Header\\DropdownUser.jsx","statementMap":{"0":{"start":{"line":5,"column":21},"end":{"line":166,"column":1}},"1":{"start":{"line":6,"column":31},"end":{"line":6,"column":44}},"2":{"start":{"line":8,"column":24},"end":{"line":10,"column":3}},"3":{"start":{"line":9,"column":4},"end":{"line":9,"column":28}},"4":{"start":{"line":11,"column":42},"end":{"line":11,"column":57}},"5":{"start":{"line":13,"column":18},"end":{"line":13,"column":30}},"6":{"start":{"line":14,"column":19},"end":{"line":14,"column":31}},"7":{"start":{"line":17,"column":2},"end":{"line":30,"column":5}},"8":{"start":{"line":18,"column":25},"end":{"line":27,"column":5}},"9":{"start":{"line":19,"column":6},"end":{"line":19,"column":36}},"10":{"start":{"line":19,"column":29},"end":{"line":19,"column":36}},"11":{"start":{"line":20,"column":6},"end":{"line":25,"column":15}},"12":{"start":{"line":25,"column":8},"end":{"line":25,"column":15}},"13":{"start":{"line":26,"column":6},"end":{"line":26,"column":29}},"14":{"start":{"line":28,"column":4},"end":{"line":28,"column":53}},"15":{"start":{"line":29,"column":4},"end":{"line":29,"column":69}},"16":{"start":{"line":29,"column":17},"end":{"line":29,"column":68}},"17":{"start":{"line":33,"column":2},"end":{"line":40,"column":5}},"18":{"start":{"line":34,"column":23},"end":{"line":37,"column":5}},"19":{"start":{"line":35,"column":6},"end":{"line":35,"column":50}},"20":{"start":{"line":35,"column":43},"end":{"line":35,"column":50}},"21":{"start":{"line":36,"column":6},"end":{"line":36,"column":29}},"22":{"start":{"line":38,"column":4},"end":{"line":38,"column":53}},"23":{"start":{"line":39,"column":4},"end":{"line":39,"column":69}},"24":{"start":{"line":39,"column":17},"end":{"line":39,"column":68}},"25":{"start":{"line":42,"column":2},"end":{"line":165,"column":4}},"26":{"start":{"line":46,"column":23},"end":{"line":46,"column":53}},"27":{"start":{"line":81,"column":23},"end":{"line":81,"column":44}},"28":{"start":{"line":82,"column":22},"end":{"line":82,"column":44}}},"fnMap":{"0":{"name":"(anonymous_0)","decl":{"start":{"line":5,"column":21},"end":{"line":5,"column":22}},"loc":{"start":{"line":5,"column":27},"end":{"line":166,"column":1}},"line":5},"1":{"name":"(anonymous_1)","decl":{"start":{"line":8,"column":24},"end":{"line":8,"column":25}},"loc":{"start":{"line":8,"column":30},"end":{"line":10,"column":3}},"line":8},"2":{"name":"(anonymous_2)","decl":{"start":{"line":17,"column":12},"end":{"line":17,"column":13}},"loc":{"start":{"line":17,"column":18},"end":{"line":30,"column":3}},"line":17},"3":{"name":"(anonymous_3)","decl":{"start":{"line":18,"column":25},"end":{"line":18,"column":26}},"loc":{"start":{"line":18,"column":41},"end":{"line":27,"column":5}},"line":18},"4":{"name":"(anonymous_4)","decl":{"start":{"line":29,"column":11},"end":{"line":29,"column":12}},"loc":{"start":{"line":29,"column":17},"end":{"line":29,"column":68}},"line":29},"5":{"name":"(anonymous_5)","decl":{"start":{"line":33,"column":12},"end":{"line":33,"column":13}},"loc":{"start":{"line":33,"column":18},"end":{"line":40,"column":3}},"line":33},"6":{"name":"(anonymous_6)","decl":{"start":{"line":34,"column":23},"end":{"line":34,"column":24}},"loc":{"start":{"line":34,"column":40},"end":{"line":37,"column":5}},"line":34},"7":{"name":"(anonymous_7)","decl":{"start":{"line":39,"column":11},"end":{"line":39,"column":12}},"loc":{"start":{"line":39,"column":17},"end":{"line":39,"column":68}},"line":39},"8":{"name":"(anonymous_8)","decl":{"start":{"line":46,"column":17},"end":{"line":46,"column":18}},"loc":{"start":{"line":46,"column":23},"end":{"line":46,"column":53}},"line":46},"9":{"name":"(anonymous_9)","decl":{"start":{"line":81,"column":17},"end":{"line":81,"column":18}},"loc":{"start":{"line":81,"column":23},"end":{"line":81,"column":44}},"line":81},"10":{"name":"(anonymous_10)","decl":{"start":{"line":82,"column":16},"end":{"line":82,"column":17}},"loc":{"start":{"line":82,"column":22},"end":{"line":82,"column":44}},"line":82}},"branchMap":{"0":{"loc":{"start":{"line":19,"column":6},"end":{"line":19,"column":36}},"type":"if","locations":[{"start":{"line":19,"column":6},"end":{"line":19,"column":36}},{"start":{},"end":{}}],"line":19},"1":{"loc":{"start":{"line":20,"column":6},"end":{"line":25,"column":15}},"type":"if","locations":[{"start":{"line":20,"column":6},"end":{"line":25,"column":15}},{"start":{},"end":{}}],"line":20},"2":{"loc":{"start":{"line":21,"column":8},"end":{"line":23,"column":40}},"type":"binary-expr","locations":[{"start":{"line":21,"column":8},"end":{"line":21,"column":21}},{"start":{"line":22,"column":8},"end":{"line":22,"column":41}},{"start":{"line":23,"column":8},"end":{"line":23,"column":40}}],"line":21},"3":{"loc":{"start":{"line":35,"column":6},"end":{"line":35,"column":50}},"type":"if","locations":[{"start":{"line":35,"column":6},"end":{"line":35,"column":50}},{"start":{},"end":{}}],"line":35},"4":{"loc":{"start":{"line":35,"column":10},"end":{"line":35,"column":41}},"type":"binary-expr","locations":[{"start":{"line":35,"column":10},"end":{"line":35,"column":23}},{"start":{"line":35,"column":27},"end":{"line":35,"column":41}}],"line":35},"5":{"loc":{"start":{"line":84,"column":10},"end":{"line":84,"column":52}},"type":"cond-expr","locations":[{"start":{"line":84,"column":34},"end":{"line":84,"column":41}},{"start":{"line":84,"column":44},"end":{"line":84,"column":52}}],"line":84}},"s":{"0":0,"1":0,"2":0,"3":0,"4":0,"5":0,"6":0,"7":0,"8":0,"9":0,"10":0,"11":0,"12":0,"13":0,"14":0,"15":0,"16":0,"17":0,"18":0,"19":0,"20":0,"21":0,"22":0,"23":0,"24":0,"25":0,"26":0,"27":0,"28":0},"f":{"0":0,"1":0,"2":0,"3":0,"4":0,"5":0,"6":0,"7":0,"8":0,"9":0,"10":0},"b":{"0":[0,0],"1":[0,0],"2":[0,0,0],"3":[0,0],"4":[0,0],"5":[0,0]}}
,"C:\\Users\\Hp\\Pictures\\_REACT\\researchpaper\\research-paper\\src\\components\\Header\\index.jsx": {"path":"C:\\Users\\Hp\\Pictures\\_REACT\\researchpaper\\research-paper\\src\\components\\Header\\index.jsx","statementMap":{"0":{"start":{"line":8,"column":15},"end":{"line":119,"column":1}},"1":{"start":{"line":9,"column":2},"end":{"line":118,"column":4}},"2":{"start":{"line":17,"column":14},"end":{"line":17,"column":34}},"3":{"start":{"line":18,"column":14},"end":{"line":18,"column":55}}},"fnMap":{"0":{"name":"(anonymous_0)","decl":{"start":{"line":8,"column":15},"end":{"line":8,"column":16}},"loc":{"start":{"line":8,"column":26},"end":{"line":119,"column":1}},"line":8},"1":{"name":"(anonymous_1)","decl":{"start":{"line":16,"column":21},"end":{"line":16,"column":22}},"loc":{"start":{"line":16,"column":28},"end":{"line":19,"column":13}},"line":16}},"branchMap":{"0":{"loc":{"start":{"line":26,"column":20},"end":{"line":26,"column":61}},"type":"binary-expr","locations":[{"start":{"line":26,"column":20},"end":{"line":26,"column":38}},{"start":{"line":26,"column":42},"end":{"line":26,"column":61}}],"line":26},"1":{"loc":{"start":{"line":31,"column":20},"end":{"line":31,"column":61}},"type":"binary-expr","locations":[{"start":{"line":31,"column":20},"end":{"line":31,"column":38}},{"start":{"line":31,"column":42},"end":{"line":31,"column":61}}],"line":31},"2":{"loc":{"start":{"line":36,"column":20},"end":{"line":36,"column":61}},"type":"binary-expr","locations":[{"start":{"line":36,"column":20},"end":{"line":36,"column":38}},{"start":{"line":36,"column":42},"end":{"line":36,"column":61}}],"line":36},"3":{"loc":{"start":{"line":43,"column":20},"end":{"line":43,"column":59}},"type":"binary-expr","locations":[{"start":{"line":43,"column":20},"end":{"line":43,"column":38}},{"start":{"line":43,"column":42},"end":{"line":43,"column":59}}],"line":43},"4":{"loc":{"start":{"line":48,"column":20},"end":{"line":48,"column":59}},"type":"binary-expr","locations":[{"start":{"line":48,"column":20},"end":{"line":48,"column":38}},{"start":{"line":48,"column":42},"end":{"line":48,"column":59}}],"line":48}},"s":{"0":0,"1":0,"2":0,"3":0},"f":{"0":0,"1":0},"b":{"0":[0,0],"1":[0,0],"2":[0,0],"3":[0,0],"4":[0,0]}}
,"C:\\Users\\Hp\\Pictures\\_REACT\\researchpaper\\research-paper\\src\\components\\Login\\Login.jsx": {"path":"C:\\Users\\Hp\\Pictures\\_REACT\\researchpaper\\research-paper\\src\\components\\Login\\Login.jsx","statementMap":{"0":{"start":{"line":5,"column":21},"end":{"line":5,"column":51}},"1":{"start":{"line":5,"column":32},"end":{"line":5,"column":51}},"2":{"start":{"line":6,"column":25},"end":{"line":6,"column":60}},"3":{"start":{"line":6,"column":36},"end":{"line":6,"column":60}},"4":{"start":{"line":7,"column":28},"end":{"line":14,"column":6}},"5":{"start":{"line":8,"column":4},"end":{"line":14,"column":6}},"6":{"start":{"line":23,"column":6},"end":{"line":23,"column":44}},"7":{"start":{"line":32,"column":6},"end":{"line":32,"column":47}},"8":{"start":{"line":35,"column":4},"end":{"line":35,"column":27}},"9":{"start":{"line":36,"column":4},"end":{"line":38,"column":5}},"10":{"start":{"line":37,"column":6},"end":{"line":37,"column":13}},"11":{"start":{"line":39,"column":22},"end":{"line":42,"column":5}},"12":{"start":{"line":43,"column":4},"end":{"line":43,"column":44}},"13":{"start":{"line":44,"column":4},"end":{"line":44,"column":22}},"14":{"start":{"line":45,"column":4},"end":{"line":45,"column":25}},"15":{"start":{"line":46,"column":4},"end":{"line":46,"column":37}},"16":{"start":{"line":50,"column":4},"end":{"line":50,"column":22}},"17":{"start":{"line":51,"column":4},"end":{"line":51,"column":25}},"18":{"start":{"line":53,"column":27},"end":{"line":53,"column":70}},"19":{"start":{"line":55,"column":2},"end":{"line":108,"column":4}}},"fnMap":{"0":{"name":"Login","decl":{"start":{"line":4,"column":24},"end":{"line":4,"column":29}},"loc":{"start":{"line":4,"column":37},"end":{"line":109,"column":1}},"line":4},"1":{"name":"(anonymous_1)","decl":{"start":{"line":5,"column":21},"end":{"line":5,"column":22}},"loc":{"start":{"line":5,"column":32},"end":{"line":5,"column":51}},"line":5},"2":{"name":"(anonymous_2)","decl":{"start":{"line":6,"column":25},"end":{"line":6,"column":26}},"loc":{"start":{"line":6,"column":36},"end":{"line":6,"column":60}},"line":6},"3":{"name":"(anonymous_3)","decl":{"start":{"line":7,"column":28},"end":{"line":7,"column":29}},"loc":{"start":{"line":8,"column":4},"end":{"line":14,"column":6}},"line":8},"4":{"name":"handleSubmit","decl":{"start":{"line":34,"column":11},"end":{"line":34,"column":23}},"loc":{"start":{"line":34,"column":31},"end":{"line":47,"column":3}},"line":34},"5":{"name":"reset","decl":{"start":{"line":49,"column":11},"end":{"line":49,"column":16}},"loc":{"start":{"line":49,"column":19},"end":{"line":52,"column":3}},"line":49}},"branchMap":{"0":{"loc":{"start":{"line":23,"column":15},"end":{"line":23,"column":43}},"type":"binary-expr","locations":[{"start":{"line":23,"column":15},"end":{"line":23,"column":25}},{"start":{"line":23,"column":29},"end":{"line":23,"column":43}}],"line":23},"1":{"loc":{"start":{"line":32,"column":15},"end":{"line":32,"column":46}},"type":"binary-expr","locations":[{"start":{"line":32,"column":15},"end":{"line":32,"column":25}},{"start":{"line":32,"column":29},"end":{"line":32,"column":46}}],"line":32},"2":{"loc":{"start":{"line":36,"column":4},"end":{"line":38,"column":5}},"type":"if","locations":[{"start":{"line":36,"column":4},"end":{"line":38,"column":5}},{"start":{},"end":{}}],"line":36},"3":{"loc":{"start":{"line":36,"column":8},"end":{"line":36,"column":55}},"type":"binary-expr","locations":[{"start":{"line":36,"column":8},"end":{"line":36,"column":28}},{"start":{"line":36,"column":32},"end":{"line":36,"column":55}}],"line":36},"4":{"loc":{"start":{"line":53,"column":27},"end":{"line":53,"column":70}},"type":"binary-expr","locations":[{"start":{"line":53,"column":27},"end":{"line":53,"column":45}},{"start":{"line":53,"column":49},"end":{"line":53,"column":70}}],"line":53},"5":{"loc":{"start":{"line":71,"column":13},"end":{"line":73,"column":13}},"type":"binary-expr","locations":[{"start":{"line":71,"column":13},"end":{"line":71,"column":31}},{"start":{"line":72,"column":14},"end":{"line":72,"column":80}}],"line":71},"6":{"loc":{"start":{"line":89,"column":13},"end":{"line":94,"column":13}},"type":"binary-expr","locations":[{"start":{"line":89,"column":13},"end":{"line":89,"column":34}},{"start":{"line":90,"column":14},"end":{"line":93,"column":18}}],"line":89}},"s":{"0":12,"1":0,"2":12,"3":12,"4":12,"5":12,"6":12,"7":12,"8":0,"9":0,"10":0,"11":0,"12":0,"13":0,"14":0,"15":0,"16":0,"17":0,"18":12,"19":12},"f":{"0":12,"1":0,"2":12,"3":12,"4":0,"5":0},"b":{"0":[12,12],"1":[12,12],"2":[0,0],"3":[0,0],"4":[12,12],"5":[12,0],"6":[12,0]},"_coverageSchema":"1a1c01bbd47fc00a2c39e90264f33305004495a9","hash":"8d3379bf9f429b7072526fd275bc253b67551fdd"}
,"C:\\Users\\Hp\\Pictures\\_REACT\\researchpaper\\research-paper\\src\\components\\PersonalAccount\\PersonalAcc.jsx": {"path":"C:\\Users\\Hp\\Pictures\\_REACT\\researchpaper\\research-paper\\src\\components\\PersonalAccount\\PersonalAcc.jsx","statementMap":{"0":{"start":{"line":13,"column":32},"end":{"line":13,"column":46}},"1":{"start":{"line":14,"column":23},"end":{"line":14,"column":36}},"2":{"start":{"line":16,"column":2},"end":{"line":18,"column":17}},"3":{"start":{"line":17,"column":4},"end":{"line":17,"column":26}},"4":{"start":{"line":20,"column":2},"end":{"line":22,"column":9}},"5":{"start":{"line":21,"column":4},"end":{"line":21,"column":46}},"6":{"start":{"line":21,"column":21},"end":{"line":21,"column":38}},"7":{"start":{"line":24,"column":2},"end":{"line":85,"column":4}}},"fnMap":{"0":{"name":"PersonalAcc","decl":{"start":{"line":12,"column":9},"end":{"line":12,"column":20}},"loc":{"start":{"line":12,"column":23},"end":{"line":86,"column":1}},"line":12},"1":{"name":"(anonymous_1)","decl":{"start":{"line":16,"column":12},"end":{"line":16,"column":13}},"loc":{"start":{"line":16,"column":18},"end":{"line":18,"column":3}},"line":16},"2":{"name":"(anonymous_2)","decl":{"start":{"line":20,"column":12},"end":{"line":20,"column":13}},"loc":{"start":{"line":20,"column":18},"end":{"line":22,"column":3}},"line":20},"3":{"name":"(anonymous_3)","decl":{"start":{"line":21,"column":15},"end":{"line":21,"column":16}},"loc":{"start":{"line":21,"column":21},"end":{"line":21,"column":38}},"line":21}},"branchMap":{"0":{"loc":{"start":{"line":24,"column":9},"end":{"line":85,"column":3}},"type":"cond-expr","locations":[{"start":{"line":25,"column":4},"end":{"line":25,"column":14}},{"start":{"line":27,"column":4},"end":{"line":84,"column":7}}],"line":24}},"s":{"0":0,"1":0,"2":0,"3":0,"4":0,"5":0,"6":0,"7":0},"f":{"0":0,"1":0,"2":0,"3":0},"b":{"0":[0,0]}}
,"C:\\Users\\Hp\\Pictures\\_REACT\\researchpaper\\research-paper\\src\\components\\Sidebar\\SidebarLinkGroup.jsx": {"path":"C:\\Users\\Hp\\Pictures\\_REACT\\researchpaper\\research-paper\\src\\components\\Sidebar\\SidebarLinkGroup.jsx","statementMap":{"0":{"start":{"line":3,"column":25},"end":{"line":11,"column":1}},"1":{"start":{"line":4,"column":26},"end":{"line":4,"column":51}},"2":{"start":{"line":6,"column":22},"end":{"line":8,"column":3}},"3":{"start":{"line":7,"column":4},"end":{"line":7,"column":19}},"4":{"start":{"line":10,"column":2},"end":{"line":10,"column":48}}},"fnMap":{"0":{"name":"(anonymous_0)","decl":{"start":{"line":3,"column":25},"end":{"line":3,"column":26}},"loc":{"start":{"line":3,"column":60},"end":{"line":11,"column":1}},"line":3},"1":{"name":"(anonymous_1)","decl":{"start":{"line":6,"column":22},"end":{"line":6,"column":23}},"loc":{"start":{"line":6,"column":28},"end":{"line":8,"column":3}},"line":6}},"branchMap":{},"s":{"0":0,"1":0,"2":0,"3":0,"4":0},"f":{"0":0,"1":0},"b":{}}
,"C:\\Users\\Hp\\Pictures\\_REACT\\researchpaper\\research-paper\\src\\components\\Sidebar\\index.jsx": {"path":"C:\\Users\\Hp\\Pictures\\_REACT\\researchpaper\\research-paper\\src\\components\\Sidebar\\index.jsx","statementMap":{"0":{"start":{"line":5,"column":16},"end":{"line":354,"column":1}},"1":{"start":{"line":6,"column":19},"end":{"line":6,"column":32}},"2":{"start":{"line":7,"column":23},"end":{"line":7,"column":31}},"3":{"start":{"line":9,"column":18},"end":{"line":9,"column":30}},"4":{"start":{"line":10,"column":18},"end":{"line":10,"column":30}},"5":{"start":{"line":12,"column":32},"end":{"line":12,"column":72}},"6":{"start":{"line":13,"column":48},"end":{"line":15,"column":3}},"7":{"start":{"line":18,"column":2},"end":{"line":31,"column":5}},"8":{"start":{"line":19,"column":25},"end":{"line":28,"column":5}},"9":{"start":{"line":20,"column":6},"end":{"line":20,"column":55}},"10":{"start":{"line":20,"column":48},"end":{"line":20,"column":55}},"11":{"start":{"line":21,"column":6},"end":{"line":26,"column":15}},"12":{"start":{"line":26,"column":8},"end":{"line":26,"column":15}},"13":{"start":{"line":27,"column":6},"end":{"line":27,"column":28}},"14":{"start":{"line":29,"column":4},"end":{"line":29,"column":53}},"15":{"start":{"line":30,"column":4},"end":{"line":30,"column":69}},"16":{"start":{"line":30,"column":17},"end":{"line":30,"column":68}},"17":{"start":{"line":34,"column":2},"end":{"line":41,"column":5}},"18":{"start":{"line":35,"column":23},"end":{"line":38,"column":5}},"19":{"start":{"line":36,"column":6},"end":{"line":36,"column":49}},"20":{"start":{"line":36,"column":42},"end":{"line":36,"column":49}},"21":{"start":{"line":37,"column":6},"end":{"line":37,"column":28}},"22":{"start":{"line":39,"column":4},"end":{"line":39,"column":53}},"23":{"start":{"line":40,"column":4},"end":{"line":40,"column":69}},"24":{"start":{"line":40,"column":17},"end":{"line":40,"column":68}},"25":{"start":{"line":43,"column":2},"end":{"line":50,"column":24}},"26":{"start":{"line":44,"column":4},"end":{"line":44,"column":73}},"27":{"start":{"line":45,"column":4},"end":{"line":49,"column":5}},"28":{"start":{"line":46,"column":6},"end":{"line":46,"column":72}},"29":{"start":{"line":48,"column":6},"end":{"line":48,"column":75}},"30":{"start":{"line":52,"column":2},"end":{"line":353,"column":4}},"31":{"start":{"line":76,"column":18},"end":{"line":158,"column":20}},"32":{"start":{"line":86,"column":26},"end":{"line":86,"column":45}},"33":{"start":{"line":87,"column":26},"end":{"line":89,"column":55}},"34":{"start":{"line":147,"column":32},"end":{"line":148,"column":59}}},"fnMap":{"0":{"name":"(anonymous_0)","decl":{"start":{"line":5,"column":16},"end":{"line":5,"column":17}},"loc":{"start":{"line":5,"column":53},"end":{"line":354,"column":1}},"line":5},"1":{"name":"(anonymous_1)","decl":{"start":{"line":18,"column":12},"end":{"line":18,"column":13}},"loc":{"start":{"line":18,"column":18},"end":{"line":31,"column":3}},"line":18},"2":{"name":"(anonymous_2)","decl":{"start":{"line":19,"column":25},"end":{"line":19,"column":26}},"loc":{"start":{"line":19,"column":41},"end":{"line":28,"column":5}},"line":19},"3":{"name":"(anonymous_3)","decl":{"start":{"line":30,"column":11},"end":{"line":30,"column":12}},"loc":{"start":{"line":30,"column":17},"end":{"line":30,"column":68}},"line":30},"4":{"name":"(anonymous_4)","decl":{"start":{"line":34,"column":12},"end":{"line":34,"column":13}},"loc":{"start":{"line":34,"column":18},"end":{"line":41,"column":3}},"line":34},"5":{"name":"(anonymous_5)","decl":{"start":{"line":35,"column":23},"end":{"line":35,"column":24}},"loc":{"start":{"line":35,"column":40},"end":{"line":38,"column":5}},"line":35},"6":{"name":"(anonymous_6)","decl":{"start":{"line":40,"column":11},"end":{"line":40,"column":12}},"loc":{"start":{"line":40,"column":17},"end":{"line":40,"column":68}},"line":40},"7":{"name":"(anonymous_7)","decl":{"start":{"line":43,"column":12},"end":{"line":43,"column":13}},"loc":{"start":{"line":43,"column":18},"end":{"line":50,"column":3}},"line":43},"8":{"name":"(anonymous_8)","decl":{"start":{"line":75,"column":17},"end":{"line":75,"column":18}},"loc":{"start":{"line":75,"column":40},"end":{"line":159,"column":17}},"line":75},"9":{"name":"(anonymous_9)","decl":{"start":{"line":85,"column":33},"end":{"line":85,"column":34}},"loc":{"start":{"line":85,"column":40},"end":{"line":90,"column":25}},"line":85},"10":{"name":"(anonymous_10)","decl":{"start":{"line":146,"column":41},"end":{"line":146,"column":42}},"loc":{"start":{"line":147,"column":32},"end":{"line":148,"column":59}},"line":147}},"branchMap":{"0":{"loc":{"start":{"line":14,"column":4},"end":{"line":14,"column":77}},"type":"cond-expr","locations":[{"start":{"line":14,"column":37},"end":{"line":14,"column":42}},{"start":{"line":14,"column":45},"end":{"line":14,"column":77}}],"line":14},"1":{"loc":{"start":{"line":20,"column":6},"end":{"line":20,"column":55}},"type":"if","locations":[{"start":{"line":20,"column":6},"end":{"line":20,"column":55}},{"start":{},"end":{}}],"line":20},"2":{"loc":{"start":{"line":20,"column":10},"end":{"line":20,"column":46}},"type":"binary-expr","locations":[{"start":{"line":20,"column":10},"end":{"line":20,"column":26}},{"start":{"line":20,"column":30},"end":{"line":20,"column":46}}],"line":20},"3":{"loc":{"start":{"line":21,"column":6},"end":{"line":26,"column":15}},"type":"if","locations":[{"start":{"line":21,"column":6},"end":{"line":26,"column":15}},{"start":{},"end":{}}],"line":21},"4":{"loc":{"start":{"line":22,"column":8},"end":{"line":24,"column":40}},"type":"binary-expr","locations":[{"start":{"line":22,"column":8},"end":{"line":22,"column":20}},{"start":{"line":23,"column":8},"end":{"line":23,"column":40}},{"start":{"line":24,"column":8},"end":{"line":24,"column":40}}],"line":22},"5":{"loc":{"start":{"line":36,"column":6},"end":{"line":36,"column":49}},"type":"if","locations":[{"start":{"line":36,"column":6},"end":{"line":36,"column":49}},{"start":{},"end":{}}],"line":36},"6":{"loc":{"start":{"line":36,"column":10},"end":{"line":36,"column":40}},"type":"binary-expr","locations":[{"start":{"line":36,"column":10},"end":{"line":36,"column":22}},{"start":{"line":36,"column":26},"end":{"line":36,"column":40}}],"line":36},"7":{"loc":{"start":{"line":45,"column":4},"end":{"line":49,"column":5}},"type":"if","locations":[{"start":{"line":45,"column":4},"end":{"line":49,"column":5}},{"start":{"line":47,"column":11},"end":{"line":49,"column":5}}],"line":45},"8":{"loc":{"start":{"line":56,"column":8},"end":{"line":56,"column":59}},"type":"cond-expr","locations":[{"start":{"line":56,"column":22},"end":{"line":56,"column":37}},{"start":{"line":56,"column":40},"end":{"line":56,"column":59}}],"line":56},"9":{"loc":{"start":{"line":72,"column":18},"end":{"line":72,"column":68}},"type":"binary-expr","locations":[{"start":{"line":72,"column":18},"end":{"line":72,"column":34}},{"start":{"line":72,"column":38},"end":{"line":72,"column":68}}],"line":72},"10":{"loc":{"start":{"line":81,"column":26},"end":{"line":83,"column":54}},"type":"binary-expr","locations":[{"start":{"line":81,"column":27},"end":{"line":81,"column":43}},{"start":{"line":82,"column":28},"end":{"line":82,"column":58}},{"start":{"line":83,"column":26},"end":{"line":83,"column":54}}],"line":81},"11":{"loc":{"start":{"line":87,"column":26},"end":{"line":89,"column":54}},"type":"cond-expr","locations":[{"start":{"line":88,"column":30},"end":{"line":88,"column":43}},{"start":{"line":89,"column":30},"end":{"line":89,"column":54}}],"line":87},"12":{"loc":{"start":{"line":120,"column":28},"end":{"line":120,"column":48}},"type":"binary-expr","locations":[{"start":{"line":120,"column":28},"end":{"line":120,"column":32}},{"start":{"line":120,"column":36},"end":{"line":120,"column":48}}],"line":120},"13":{"loc":{"start":{"line":139,"column":26},"end":{"line":139,"column":43}},"type":"binary-expr","locations":[{"start":{"line":139,"column":26},"end":{"line":139,"column":31}},{"start":{"line":139,"column":35},"end":{"line":139,"column":43}}],"line":139},"14":{"loc":{"start":{"line":148,"column":33},"end":{"line":148,"column":58}},"type":"binary-expr","locations":[{"start":{"line":148,"column":33},"end":{"line":148,"column":41}},{"start":{"line":148,"column":45},"end":{"line":148,"column":58}}],"line":148},"15":{"loc":{"start":{"line":168,"column":20},"end":{"line":169,"column":48}},"type":"binary-expr","locations":[{"start":{"line":168,"column":20},"end":{"line":168,"column":49}},{"start":{"line":169,"column":20},"end":{"line":169,"column":48}}],"line":168},"16":{"loc":{"start":{"line":195,"column":20},"end":{"line":195,"column":80}},"type":"binary-expr","locations":[{"start":{"line":195,"column":20},"end":{"line":195,"column":48}},{"start":{"line":195,"column":52},"end":{"line":195,"column":80}}],"line":195},"17":{"loc":{"start":{"line":222,"column":20},"end":{"line":222,"column":79}},"type":"binary-expr","locations":[{"start":{"line":222,"column":20},"end":{"line":222,"column":47}},{"start":{"line":222,"column":51},"end":{"line":222,"column":79}}],"line":222},"18":{"loc":{"start":{"line":260,"column":20},"end":{"line":261,"column":48}},"type":"binary-expr","locations":[{"start":{"line":260,"column":20},"end":{"line":260,"column":49}},{"start":{"line":261,"column":20},"end":{"line":261,"column":48}}],"line":260},"19":{"loc":{"start":{"line":312,"column":20},"end":{"line":312,"column":78}},"type":"binary-expr","locations":[{"start":{"line":312,"column":20},"end":{"line":312,"column":46}},{"start":{"line":312,"column":50},"end":{"line":312,"column":78}}],"line":312}},"s":{"0":0,"1":0,"2":0,"3":0,"4":0,"5":0,"6":0,"7":0,"8":0,"9":0,"10":0,"11":0,"12":0,"13":0,"14":0,"15":0,"16":0,"17":0,"18":0,"19":0,"20":0,"21":0,"22":0,"23":0,"24":0,"25":0,"26":0,"27":0,"28":0,"29":0,"30":0,"31":0,"32":0,"33":0,"34":0},"f":{"0":0,"1":0,"2":0,"3":0,"4":0,"5":0,"6":0,"7":0,"8":0,"9":0,"10":0},"b":{"0":[0,0],"1":[0,0],"2":[0,0],"3":[0,0],"4":[0,0,0],"5":[0,0],"6":[0,0],"7":[0,0],"8":[0,0],"9":[0,0],"10":[0,0,0],"11":[0,0],"12":[0,0],"13":[0,0],"14":[0,0],"15":[0,0],"16":[0,0],"17":[0,0],"18":[0,0],"19":[0,0]}}
,"C:\\Users\\Hp\\Pictures\\_REACT\\researchpaper\\research-paper\\src\\components\\Tables\\EditExperimentResult.jsx": {"path":"C:\\Users\\Hp\\Pictures\\_REACT\\researchpaper\\research-paper\\src\\components\\Tables\\EditExperimentResult.jsx","statementMap":{"0":{"start":{"line":4,"column":29},"end":{"line":60,"column":1}},"1":{"start":{"line":8,"column":60},"end":{"line":8,"column":72}},"2":{"start":{"line":9,"column":38},"end":{"line":11,"column":4}},"3":{"start":{"line":13,"column":28},"end":{"line":18,"column":3}},"4":{"start":{"line":14,"column":22},"end":{"line":14,"column":30}},"5":{"start":{"line":15,"column":20},"end":{"line":15,"column":35}},"6":{"start":{"line":16,"column":4},"end":{"line":16,"column":55}},"7":{"start":{"line":17,"column":4},"end":{"line":17,"column":27}},"8":{"start":{"line":20,"column":28},"end":{"line":26,"column":3}},"9":{"start":{"line":21,"column":20},"end":{"line":21,"column":45}},"10":{"start":{"line":22,"column":4},"end":{"line":22,"column":38}},"11":{"start":{"line":23,"column":4},"end":{"line":23,"column":37}},"12":{"start":{"line":24,"column":4},"end":{"line":24,"column":42}},"13":{"start":{"line":25,"column":4},"end":{"line":25,"column":63}},"14":{"start":{"line":28,"column":2},"end":{"line":59,"column":4}},"15":{"start":{"line":41,"column":12},"end":{"line":53,"column":17}},"16":{"start":{"line":43,"column":16},"end":{"line":51,"column":21}},"17":{"start":{"line":48,"column":22},"end":{"line":48,"column":65}}},"fnMap":{"0":{"name":"(anonymous_0)","decl":{"start":{"line":4,"column":29},"end":{"line":4,"column":30}},"loc":{"start":{"line":7,"column":6},"end":{"line":60,"column":1}},"line":7},"1":{"name":"(anonymous_1)","decl":{"start":{"line":13,"column":28},"end":{"line":13,"column":29}},"loc":{"start":{"line":13,"column":58},"end":{"line":18,"column":3}},"line":13},"2":{"name":"(anonymous_2)","decl":{"start":{"line":20,"column":28},"end":{"line":20,"column":29}},"loc":{"start":{"line":20,"column":34},"end":{"line":26,"column":3}},"line":20},"3":{"name":"(anonymous_3)","decl":{"start":{"line":40,"column":26},"end":{"line":40,"column":27}},"loc":{"start":{"line":41,"column":12},"end":{"line":53,"column":17}},"line":41},"4":{"name":"(anonymous_4)","decl":{"start":{"line":42,"column":27},"end":{"line":42,"column":28}},"loc":{"start":{"line":43,"column":16},"end":{"line":51,"column":21}},"line":43},"5":{"name":"(anonymous_5)","decl":{"start":{"line":47,"column":30},"end":{"line":47,"column":31}},"loc":{"start":{"line":48,"column":22},"end":{"line":48,"column":65}},"line":48}},"branchMap":{},"s":{"0":0,"1":0,"2":0,"3":0,"4":0,"5":0,"6":0,"7":0,"8":0,"9":0,"10":0,"11":0,"12":0,"13":0,"14":0,"15":0,"16":0,"17":0},"f":{"0":0,"1":0,"2":0,"3":0,"4":0,"5":0},"b":{}}
,"C:\\Users\\Hp\\Pictures\\_REACT\\researchpaper\\research-paper\\src\\components\\Tables\\TableOne.jsx": {"path":"C:\\Users\\Hp\\Pictures\\_REACT\\researchpaper\\research-paper\\src\\components\\Tables\\TableOne.jsx","statementMap":{"0":{"start":{"line":6,"column":26},"end":{"line":32,"column":1}},"1":{"start":{"line":7,"column":13},"end":{"line":7,"column":15}},"2":{"start":{"line":8,"column":2},"end":{"line":22,"column":3}},"3":{"start":{"line":9,"column":4},"end":{"line":9,"column":61}},"4":{"start":{"line":10,"column":9},"end":{"line":22,"column":3}},"5":{"start":{"line":11,"column":4},"end":{"line":11,"column":70}},"6":{"start":{"line":12,"column":9},"end":{"line":22,"column":3}},"7":{"start":{"line":13,"column":4},"end":{"line":13,"column":67}},"8":{"start":{"line":14,"column":9},"end":{"line":22,"column":3}},"9":{"start":{"line":15,"column":4},"end":{"line":15,"column":67}},"10":{"start":{"line":16,"column":9},"end":{"line":22,"column":3}},"11":{"start":{"line":17,"column":4},"end":{"line":17,"column":76}},"12":{"start":{"line":18,"column":9},"end":{"line":22,"column":3}},"13":{"start":{"line":19,"column":4},"end":{"line":19,"column":73}},"14":{"start":{"line":20,"column":9},"end":{"line":22,"column":3}},"15":{"start":{"line":21,"column":4},"end":{"line":21,"column":71}},"16":{"start":{"line":24,"column":2},"end":{"line":31,"column":4}},"17":{"start":{"line":34,"column":17},"end":{"line":424,"column":1}},"18":{"start":{"line":35,"column":60},"end":{"line":35,"column":72}},"19":{"start":{"line":36,"column":46},"end":{"line":49,"column":4}},"20":{"start":{"line":52,"column":46},"end":{"line":52,"column":60}},"21":{"start":{"line":55,"column":34},"end":{"line":57,"column":3}},"22":{"start":{"line":56,"column":4},"end":{"line":56,"column":30}},"23":{"start":{"line":60,"column":39},"end":{"line":62,"column":3}},"24":{"start":{"line":61,"column":4},"end":{"line":61,"column":28}},"25":{"start":{"line":64,"column":30},"end":{"line":84,"column":3}},"26":{"start":{"line":65,"column":35},"end":{"line":65,"column":66}},"27":{"start":{"line":66,"column":25},"end":{"line":66,"column":79}},"28":{"start":{"line":66,"column":51},"end":{"line":66,"column":78}},"29":{"start":{"line":68,"column":4},"end":{"line":83,"column":7}},"30":{"start":{"line":69,"column":17},"end":{"line":69,"column":38}},"31":{"start":{"line":71,"column":21},"end":{"line":73,"column":7}},"32":{"start":{"line":72,"column":8},"end":{"line":72,"column":72}},"33":{"start":{"line":72,"column":27},"end":{"line":72,"column":70}},"34":{"start":{"line":75,"column":17},"end":{"line":75,"column":48}},"35":{"start":{"line":77,"column":6},"end":{"line":77,"column":53}},"36":{"start":{"line":80,"column":23},"end":{"line":80,"column":59}},"37":{"start":{"line":82,"column":6},"end":{"line":82,"column":35}},"38":{"start":{"line":86,"column":62},"end":{"line":86,"column":77}},"39":{"start":{"line":87,"column":49},"end":{"line":87,"column":60}},"40":{"start":{"line":89,"column":23},"end":{"line":92,"column":3}},"41":{"start":{"line":90,"column":4},"end":{"line":90,"column":36}},"42":{"start":{"line":91,"column":4},"end":{"line":91,"column":31}},"43":{"start":{"line":94,"column":30},"end":{"line":99,"column":3}},"44":{"start":{"line":95,"column":4},"end":{"line":95,"column":37}},"45":{"start":{"line":96,"column":31},"end":{"line":96,"column":50}},"46":{"start":{"line":97,"column":4},"end":{"line":97,"column":50}},"47":{"start":{"line":98,"column":4},"end":{"line":98,"column":42}},"48":{"start":{"line":101,"column":29},"end":{"line":103,"column":3}},"49":{"start":{"line":102,"column":4},"end":{"line":102,"column":37}},"50":{"start":{"line":105,"column":29},"end":{"line":168,"column":3}},"51":{"start":{"line":106,"column":4},"end":{"line":167,"column":6}},"52":{"start":{"line":170,"column":52},"end":{"line":170,"column":67}},"53":{"start":{"line":171,"column":31},"end":{"line":174,"column":3}},"54":{"start":{"line":172,"column":4},"end":{"line":172,"column":31}},"55":{"start":{"line":173,"column":4},"end":{"line":173,"column":45}},"56":{"start":{"line":176,"column":30},"end":{"line":257,"column":3}},"57":{"start":{"line":177,"column":62},"end":{"line":177,"column":74}},"58":{"start":{"line":178,"column":36},"end":{"line":178,"column":50}},"59":{"start":{"line":180,"column":29},"end":{"line":228,"column":5}},"60":{"start":{"line":181,"column":19},"end":{"line":181,"column":36}},"61":{"start":{"line":182,"column":21},"end":{"line":182,"column":37}},"62":{"start":{"line":184,"column":6},"end":{"line":223,"column":8}},"63":{"start":{"line":185,"column":21},"end":{"line":185,"column":52}},"64":{"start":{"line":186,"column":25},"end":{"line":186,"column":59}},"65":{"start":{"line":187,"column":26},"end":{"line":187,"column":48}},"66":{"start":{"line":188,"column":22},"end":{"line":188,"column":48}},"67":{"start":{"line":189,"column":25},"end":{"line":189,"column":71}},"68":{"start":{"line":192,"column":28},"end":{"line":192,"column":71}},"69":{"start":{"line":193,"column":29},"end":{"line":195,"column":9}},"70":{"start":{"line":194,"column":10},"end":{"line":194,"column":49}},"71":{"start":{"line":197,"column":8},"end":{"line":200,"column":9}},"72":{"start":{"line":198,"column":10},"end":{"line":198,"column":64}},"73":{"start":{"line":199,"column":10},"end":{"line":199,"column":17}},"74":{"start":{"line":203,"column":8},"end":{"line":203,"column":71}},"75":{"start":{"line":203,"column":46},"end":{"line":203,"column":69}},"76":{"start":{"line":204,"column":22},"end":{"line":204,"column":49}},"77":{"start":{"line":205,"column":26},"end":{"line":208,"column":9}},"78":{"start":{"line":210,"column":8},"end":{"line":220,"column":11}},"79":{"start":{"line":212,"column":26},"end":{"line":212,"column":39}},"80":{"start":{"line":214,"column":36},"end":{"line":214,"column":60}},"81":{"start":{"line":216,"column":10},"end":{"line":216,"column":58}},"82":{"start":{"line":217,"column":10},"end":{"line":217,"column":66}},"83":{"start":{"line":219,"column":10},"end":{"line":219,"column":25}},"84":{"start":{"line":222,"column":8},"end":{"line":222,"column":30}},"85":{"start":{"line":225,"column":6},"end":{"line":225,"column":37}},"86":{"start":{"line":226,"column":6},"end":{"line":226,"column":56}},"87":{"start":{"line":227,"column":6},"end":{"line":227,"column":47}},"88":{"start":{"line":230,"column":4},"end":{"line":256,"column":6}},"89":{"start":{"line":259,"column":2},"end":{"line":423,"column":4}},"90":{"start":{"line":285,"column":14},"end":{"line":402,"column":19}},"91":{"start":{"line":310,"column":20},"end":{"line":316,"column":24}},"92":{"start":{"line":313,"column":37},"end":{"line":313,"column":65}},"93":{"start":{"line":322,"column":37},"end":{"line":322,"column":64}},"94":{"start":{"line":340,"column":37},"end":{"line":340,"column":56}},"95":{"start":{"line":379,"column":37},"end":{"line":379,"column":63}}},"fnMap":{"0":{"name":"(anonymous_0)","decl":{"start":{"line":6,"column":26},"end":{"line":6,"column":27}},"loc":{"start":{"line":6,"column":42},"end":{"line":32,"column":1}},"line":6},"1":{"name":"(anonymous_1)","decl":{"start":{"line":34,"column":17},"end":{"line":34,"column":18}},"loc":{"start":{"line":34,"column":23},"end":{"line":424,"column":1}},"line":34},"2":{"name":"(anonymous_2)","decl":{"start":{"line":55,"column":34},"end":{"line":55,"column":35}},"loc":{"start":{"line":55,"column":46},"end":{"line":57,"column":3}},"line":55},"3":{"name":"(anonymous_3)","decl":{"start":{"line":60,"column":39},"end":{"line":60,"column":40}},"loc":{"start":{"line":60,"column":45},"end":{"line":62,"column":3}},"line":60},"4":{"name":"(anonymous_4)","decl":{"start":{"line":64,"column":30},"end":{"line":64,"column":31}},"loc":{"start":{"line":64,"column":51},"end":{"line":84,"column":3}},"line":64},"5":{"name":"(anonymous_5)","decl":{"start":{"line":66,"column":40},"end":{"line":66,"column":41}},"loc":{"start":{"line":66,"column":51},"end":{"line":66,"column":78}},"line":66},"6":{"name":"(anonymous_6)","decl":{"start":{"line":68,"column":25},"end":{"line":68,"column":26}},"loc":{"start":{"line":68,"column":48},"end":{"line":83,"column":5}},"line":68},"7":{"name":"(anonymous_7)","decl":{"start":{"line":71,"column":36},"end":{"line":71,"column":37}},"loc":{"start":{"line":72,"column":8},"end":{"line":72,"column":72}},"line":72},"8":{"name":"(anonymous_8)","decl":{"start":{"line":72,"column":16},"end":{"line":72,"column":17}},"loc":{"start":{"line":72,"column":27},"end":{"line":72,"column":70}},"line":72},"9":{"name":"(anonymous_9)","decl":{"start":{"line":89,"column":23},"end":{"line":89,"column":24}},"loc":{"start":{"line":89,"column":34},"end":{"line":92,"column":3}},"line":89},"10":{"name":"(anonymous_10)","decl":{"start":{"line":94,"column":30},"end":{"line":94,"column":31}},"loc":{"start":{"line":94,"column":36},"end":{"line":99,"column":3}},"line":94},"11":{"name":"(anonymous_11)","decl":{"start":{"line":101,"column":29},"end":{"line":101,"column":30}},"loc":{"start":{"line":101,"column":35},"end":{"line":103,"column":3}},"line":101},"12":{"name":"(anonymous_12)","decl":{"start":{"line":105,"column":29},"end":{"line":105,"column":30}},"loc":{"start":{"line":105,"column":73},"end":{"line":168,"column":3}},"line":105},"13":{"name":"(anonymous_13)","decl":{"start":{"line":171,"column":31},"end":{"line":171,"column":32}},"loc":{"start":{"line":171,"column":42},"end":{"line":174,"column":3}},"line":171},"14":{"name":"(anonymous_14)","decl":{"start":{"line":176,"column":30},"end":{"line":176,"column":31}},"loc":{"start":{"line":176,"column":36},"end":{"line":257,"column":3}},"line":176},"15":{"name":"(anonymous_15)","decl":{"start":{"line":180,"column":29},"end":{"line":180,"column":30}},"loc":{"start":{"line":180,"column":36},"end":{"line":228,"column":5}},"line":180},"16":{"name":"(anonymous_16)","decl":{"start":{"line":184,"column":22},"end":{"line":184,"column":23}},"loc":{"start":{"line":184,"column":29},"end":{"line":223,"column":7}},"line":184},"17":{"name":"(anonymous_17)","decl":{"start":{"line":193,"column":49},"end":{"line":193,"column":50}},"loc":{"start":{"line":194,"column":10},"end":{"line":194,"column":49}},"line":194},"18":{"name":"(anonymous_18)","decl":{"start":{"line":203,"column":32},"end":{"line":203,"column":33}},"loc":{"start":{"line":203,"column":46},"end":{"line":203,"column":69}},"line":203},"19":{"name":"(anonymous_19)","decl":{"start":{"line":210,"column":26},"end":{"line":210,"column":27}},"loc":{"start":{"line":210,"column":40},"end":{"line":220,"column":9}},"line":210},"20":{"name":"(anonymous_20)","decl":{"start":{"line":284,"column":32},"end":{"line":284,"column":33}},"loc":{"start":{"line":285,"column":14},"end":{"line":402,"column":19}},"line":285},"21":{"name":"(anonymous_21)","decl":{"start":{"line":309,"column":41},"end":{"line":309,"column":42}},"loc":{"start":{"line":310,"column":20},"end":{"line":316,"column":24}},"line":310},"22":{"name":"(anonymous_22)","decl":{"start":{"line":313,"column":31},"end":{"line":313,"column":32}},"loc":{"start":{"line":313,"column":37},"end":{"line":313,"column":65}},"line":313},"23":{"name":"(anonymous_23)","decl":{"start":{"line":322,"column":31},"end":{"line":322,"column":32}},"loc":{"start":{"line":322,"column":37},"end":{"line":322,"column":64}},"line":322},"24":{"name":"(anonymous_24)","decl":{"start":{"line":340,"column":31},"end":{"line":340,"column":32}},"loc":{"start":{"line":340,"column":37},"end":{"line":340,"column":56}},"line":340},"25":{"name":"(anonymous_25)","decl":{"start":{"line":379,"column":31},"end":{"line":379,"column":32}},"loc":{"start":{"line":379,"column":37},"end":{"line":379,"column":63}},"line":379}},"branchMap":{"0":{"loc":{"start":{"line":8,"column":2},"end":{"line":22,"column":3}},"type":"if","locations":[{"start":{"line":8,"column":2},"end":{"line":22,"column":3}},{"start":{"line":10,"column":9},"end":{"line":22,"column":3}}],"line":8},"1":{"loc":{"start":{"line":10,"column":9},"end":{"line":22,"column":3}},"type":"if","locations":[{"start":{"line":10,"column":9},"end":{"line":22,"column":3}},{"start":{"line":12,"column":9},"end":{"line":22,"column":3}}],"line":10},"2":{"loc":{"start":{"line":12,"column":9},"end":{"line":22,"column":3}},"type":"if","locations":[{"start":{"line":12,"column":9},"end":{"line":22,"column":3}},{"start":{"line":14,"column":9},"end":{"line":22,"column":3}}],"line":12},"3":{"loc":{"start":{"line":14,"column":9},"end":{"line":22,"column":3}},"type":"if","locations":[{"start":{"line":14,"column":9},"end":{"line":22,"column":3}},{"start":{"line":16,"column":9},"end":{"line":22,"column":3}}],"line":14},"4":{"loc":{"start":{"line":16,"column":9},"end":{"line":22,"column":3}},"type":"if","locations":[{"start":{"line":16,"column":9},"end":{"line":22,"column":3}},{"start":{"line":18,"column":9},"end":{"line":22,"column":3}}],"line":16},"5":{"loc":{"start":{"line":18,"column":9},"end":{"line":22,"column":3}},"type":"if","locations":[{"start":{"line":18,"column":9},"end":{"line":22,"column":3}},{"start":{"line":20,"column":9},"end":{"line":22,"column":3}}],"line":18},"6":{"loc":{"start":{"line":20,"column":9},"end":{"line":22,"column":3}},"type":"if","locations":[{"start":{"line":20,"column":9},"end":{"line":22,"column":3}},{"start":{},"end":{}}],"line":20},"7":{"loc":{"start":{"line":72,"column":27},"end":{"line":72,"column":70}},"type":"cond-expr","locations":[{"start":{"line":72,"column":54},"end":{"line":72,"column":58}},{"start":{"line":72,"column":61},"end":{"line":72,"column":70}}],"line":72},"8":{"loc":{"start":{"line":197,"column":8},"end":{"line":200,"column":9}},"type":"if","locations":[{"start":{"line":197,"column":8},"end":{"line":200,"column":9}},{"start":{},"end":{}}],"line":197},"9":{"loc":{"start":{"line":245,"column":9},"end":{"line":254,"column":9}},"type":"binary-expr","locations":[{"start":{"line":245,"column":9},"end":{"line":245,"column":17}},{"start":{"line":246,"column":10},"end":{"line":253,"column":16}}],"line":245},"10":{"loc":{"start":{"line":296,"column":22},"end":{"line":302,"column":51}},"type":"cond-expr","locations":[{"start":{"line":297,"column":26},"end":{"line":297,"column":51}},{"start":{"line":298,"column":26},"end":{"line":302,"column":51}}],"line":296},"11":{"loc":{"start":{"line":298,"column":26},"end":{"line":302,"column":51}},"type":"cond-expr","locations":[{"start":{"line":299,"column":26},"end":{"line":299,"column":49}},{"start":{"line":300,"column":26},"end":{"line":302,"column":51}}],"line":298},"12":{"loc":{"start":{"line":300,"column":26},"end":{"line":302,"col
[...]
,"15":{"name":"(anonymous_15)","decl":{"start":{"line":288,"column":25},"end":{"line":288,"column":26}},"loc":{"start":{"line":288,"column":41},"end":{"line":302,"column":3}},"line":288},"16":{"name":"(anonymous_16)","decl":{"start":{"line":291,"column":6},"end":{"line":291,"column":7}},"loc":{"start":{"line":291,"column":16},"end":{"line":291,"column":47}},"line":291},"17":{"name":"(anonymous_17)","decl":{"start":{"line":305,"column":25},"end":{"line":305,"column":26}},"loc":{"start":{"line":305,"column":36},"end":{"line":305,"column":60}},"line":305},"18":{"name":"(anonymous_18)","decl":{"start":{"line":307,"column":28},"end":{"line":307,"column":29}},"loc":{"start":{"line":308,"column":4},"end":{"line":314,"column":6}},"line":308},"19":{"name":"(anonymous_19)","decl":{"start":{"line":319,"column":17},"end":{"line":319,"column":18}},"loc":{"start":{"line":319,"column":23},"end":{"line":322,"column":9}},"line":319},"20":{"name":"(anonymous_20)","decl":{"start":{"line":355,"column":26},"end":{"line":355,"column":27}},"loc":{"start":{"line":356,"column":12},"end":{"line":382,"column":17}},"line":356},"21":{"name":"(anonymous_21)","decl":{"start":{"line":374,"column":27},"end":{"line":374,"column":28}},"loc":{"start":{"line":374,"column":33},"end":{"line":376,"column":19}},"line":374}},"branchMap":{"0":{"loc":{"start":{"line":22,"column":4},"end":{"line":25,"column":5}},"type":"if","locations":[{"start":{"line":22,"column":4},"end":{"line":25,"column":5}},{"start":{},"end":{}}],"line":22},"1":{"loc":{"start":{"line":28,"column":4},"end":{"line":33,"column":5}},"type":"if","locations":[{"start":{"line":28,"column":4},"end":{"line":33,"column":5}},{"start":{},"end":{}}],"line":28},"2":{"loc":{"start":{"line":36,"column":4},"end":{"line":39,"column":5}},"type":"if","locations":[{"start":{"line":36,"column":4},"end":{"line":39,"column":5}},{"start":{},"end":{}}],"line":36},"3":{"loc":{"start":{"line":68,"column":7},"end":{"line":68,"column":60}},"type":"binary-expr","locations":[{"start":{"line":68,"column":7},"end":{"line":68,"column":12}},{"start":{"line":68,"column":16},"end":{"line":68,"column":60}}],"line":68},"4":{"loc":{"start":{"line":228,"column":4},"end":{"line":231,"column":5}},"type":"if","locations":[{"start":{"line":228,"column":4},"end":{"line":231,"column":5}},{"start":{},"end":{}}],"line":228},"5":{"loc":{"start":{"line":234,"column":4},"end":{"line":239,"column":5}},"type":"if","locations":[{"start":{"line":234,"column":4},"end":{"line":239,"column":5}},{"start":{},"end":{}}],"line":234},"6":{"loc":{"start":{"line":242,"column":4},"end":{"line":245,"column":5}},"type":"if","locations":[{"start":{"line":242,"column":4},"end":{"line":245,"column":5}},{"start":{},"end":{}}],"line":242},"7":{"loc":{"start":{"line":248,"column":4},"end":{"line":251,"column":5}},"type":"if","locations":[{"start":{"line":248,"column":4},"end":{"line":251,"column":5}},{"start":{},"end":{}}],"line":248},"8":{"loc":{"start":{"line":293,"column":4},"end":{"line":301,"column":5}},"type":"if","locations":[{"start":{"line":293,"column":4},"end":{"line":301,"column":5}},{"start":{},"end":{}}],"line":293},"9":{"loc":{"start":{"line":327,"column":7},"end":{"line":333,"column":7}},"type":"binary-expr","locations":[{"start":{"line":327,"column":7},"end":{"line":327,"column":15}},{"start":{"line":328,"column":8},"end":{"line":332,"column":10}}],"line":327},"10":{"loc":{"start":{"line":329,"column":16},"end":{"line":329,"column":35}},"type":"binary-expr","locations":[{"start":{"line":329,"column":16},"end":{"line":329,"column":27}},{"start":{"line":329,"column":31},"end":{"line":329,"column":35}}],"line":329},"11":{"loc":{"start":{"line":358,"column":25},"end":{"line":358,"column":74}},"type":"cond-expr","locations":[{"start":{"line":358,"column":49},"end":{"line":358,"column":61}},{"start":{"line":358,"column":64},"end":{"line":358,"column":74}}],"line":358}},"s":{"0":0,"1":0,"2":0,"3":0,"4":0,"5":0,"6":0,"7":0,"8":0,"9":0,"10":0,"11":0,"12":0,"13":0,"14":0,"15":0,"16":0,"17":0,"18":0,"19":0,"20":0,"21":0,"22":0,"23":0,"24":0,"25":0,"26":0,"27":0,"28":0,"29":0,"30":0,"31":0,"32":0,"33":0,"34":0,"35":0,"36":0,"37":0,"38":0,"39":0,"40":0,"41":0,"42":0,"43":0,"44":0,"45":0,"46":0,"47":0,"48":0,"49":0,"50":0,"51":0,"52":0,"53":0,"54":0,"55":0,"56":0,"57":0,"58":0,"59":0,"60":0,"61":0,"62":0,"63":0,"64":0,"65":0,"66":0,"67":0,"68":0,"69":0,"70":0,"71":0,"72":0,"73":0,"74":0,"75":0,"76":0,"77":0,"78":0,"79":0,"80":0,"81":0,"82":0,"83":0},"f":{"0":0,"1":0,"2":0,"3":0,"4":0,"5":0,"6":0,"7":0,"8":0,"9":0,"10":0,"11":0,"12":0,"13":0,"14":0,"15":0,"16":0,"17":0,"18":0,"19":0,"20":0,"21":0},"b":{"0":[0,0],"1":[0,0],"2":[0,0],"3":[0,0],"4":[0,0],"5":[0,0],"6":[0,0],"7":[0,0],"8":[0,0],"9":[0,0],"10":[0,0],"11":[0,0]}}
,"C:\\Users\\Hp\\Pictures\\_REACT\\researchpaper\\research-paper\\src\\hooks\\use-http.jsx": {"path":"C:\\Users\\Hp\\Pictures\\_REACT\\researchpaper\\research-paper\\src\\hooks\\use-http.jsx","statementMap":{"0":{"start":{"line":3,"column":16},"end":{"line":34,"column":1}},"1":{"start":{"line":4,"column":36},"end":{"line":4,"column":51}},"2":{"start":{"line":5,"column":28},"end":{"line":5,"column":42}},"3":{"start":{"line":7,"column":22},"end":{"line":27,"column":8}},"4":{"start":{"line":8,"column":4},"end":{"line":8,"column":23}},"5":{"start":{"line":9,"column":4},"end":{"line":9,"column":19}},"6":{"start":{"line":10,"column":4},"end":{"line":25,"column":5}},"7":{"start":{"line":11,"column":23},"end":{"line":15,"column":8}},"8":{"start":{"line":17,"column":6},"end":{"line":19,"column":7}},"9":{"start":{"line":18,"column":8},"end":{"line":18,"column":43}},"10":{"start":{"line":21,"column":19},"end":{"line":21,"column":40}},"11":{"start":{"line":22,"column":6},"end":{"line":22,"column":30}},"12":{"start":{"line":24,"column":6},"end":{"line":24,"column":55}},"13":{"start":{"line":26,"column":4},"end":{"line":26,"column":24}},"14":{"start":{"line":29,"column":2},"end":{"line":33,"column":4}}},"fnMap":{"0":{"name":"(anonymous_0)","decl":{"start":{"line":3,"column":16},"end":{"line":3,"column":17}},"loc":{"start":{"line":3,"column":22},"end":{"line":34,"column":1}},"line":3},"1":{"name":"(anonymous_1)","decl":{"start":{"line":7,"column":34},"end":{"line":7,"column":35}},"loc":{"start":{"line":7,"column":78},"end":{"line":27,"column":3}},"line":7}},"branchMap":{"0":{"loc":{"start":{"line":12,"column":16},"end":{"line":12,"column":67}},"type":"cond-expr","locations":[{"start":{"line":12,"column":39},"end":{"line":12,"column":59}},{"start":{"line":12,"column":62},"end":{"line":12,"column":67}}],"line":12},"1":{"loc":{"start":{"line":13,"column":17},"end":{"line":13,"column":67}},"type":"cond-expr","locations":[{"start":{"line":13,"column":41},"end":{"line":13,"column":62}},{"start":{"line":13,"column":65},"end":{"line":13,"column":67}}],"line":13},"2":{"loc":{"start":{"line":14,"column":14},"end":{"line":14,"column":76}},"type":"cond-expr","locations":[{"start":{"line":14,"column":35},"end":{"line":14,"column":69}},{"start":{"line":14,"column":72},"end":{"line":14,"column":76}}],"line":14},"3":{"loc":{"start":{"line":17,"column":6},"end":{"line":19,"column":7}},"type":"if","locations":[{"start":{"line":17,"column":6},"end":{"line":19,"column":7}},{"start":{},"end":{}}],"line":17},"4":{"loc":{"start":{"line":24,"column":15},"end":{"line":24,"column":53}},"type":"binary-expr","locations":[{"start":{"line":24,"column":15},"end":{"line":24,"column":26}},{"start":{"line":24,"column":30},"end":{"line":24,"column":53}}],"line":24}},"s":{"0":0,"1":0,"2":0,"3":0,"4":0,"5":0,"6":0,"7":0,"8":0,"9":0,"10":0,"11":0,"12":0,"13":0,"14":0},"f":{"0":0,"1":0},"b":{"0":[0,0],"1":[0,0],"2":[0,0],"3":[0,0],"4":[0,0]}}
,"C:\\Users\\Hp\\Pictures\\_REACT\\researchpaper\\research-paper\\src\\hooks\\use-input.jsx": {"path":"C:\\Users\\Hp\\Pictures\\_REACT\\researchpaper\\research-paper\\src\\hooks\\use-input.jsx","statementMap":{"0":{"start":{"line":3,"column":17},"end":{"line":33,"column":1}},"1":{"start":{"line":4,"column":42},"end":{"line":4,"column":54}},"2":{"start":{"line":6,"column":36},"end":{"line":6,"column":51}},"3":{"start":{"line":8,"column":23},"end":{"line":8,"column":50}},"4":{"start":{"line":10,"column":19},"end":{"line":10,"column":45}},"5":{"start":{"line":12,"column":29},"end":{"line":14,"column":3}},"6":{"start":{"line":13,"column":4},"end":{"line":13,"column":40}},"7":{"start":{"line":16,"column":27},"end":{"line":18,"column":3}},"8":{"start":{"line":17,"column":4},"end":{"line":17,"column":23}},"9":{"start":{"line":20,"column":16},"end":{"line":23,"column":3}},"10":{"start":{"line":21,"column":4},"end":{"line":21,"column":24}},"11":{"start":{"line":22,"column":4},"end":{"line":22,"column":24}},"12":{"start":{"line":25,"column":2},"end":{"line":32,"column":4}}},"fnMap":{"0":{"name":"(anonymous_0)","decl":{"start":{"line":3,"column":17},"end":{"line":3,"column":18}},"loc":{"start":{"line":3,"column":36},"end":{"line":33,"column":1}},"line":3},"1":{"name":"(anonymous_1)","decl":{"start":{"line":12,"column":29},"end":{"line":12,"column":30}},"loc":{"start":{"line":12,"column":40},"end":{"line":14,"column":3}},"line":12},"2":{"name":"(anonymous_2)","decl":{"start":{"line":16,"column":27},"end":{"line":16,"column":28}},"loc":{"start":{"line":16,"column":33},"end":{"line":18,"column":3}},"line":16},"3":{"name":"(anonymous_3)","decl":{"start":{"line":20,"column":16},"end":{"line":20,"column":17}},"loc":{"start":{"line":20,"column":22},"end":{"line":23,"column":3}},"line":20}},"branchMap":{"0":{"loc":{"start":{"line":10,"column":19},"end":{"line":10,"column":45}},"type":"binary-expr","locations":[{"start":{"line":10,"column":19},"end":{"line":10,"column":32}},{"start":{"line":10,"column":36},"end":{"line":10,"column":45}}],"line":10}},"s":{"0":1,"1":24,"2":24,"3":24,"4":24,"5":24,"6":6,"7":24,"8":0,"9":24,"10":0,"11":0,"12":24},"f":{"0":24,"1":6,"2":0,"3":0},"b":{"0":[24,21]},"_coverageSchema":"1a1c01bbd47fc00a2c39e90264f33305004495a9","hash":"cc0752fe512387b7e03112ed360ea22ed9f5cf60"}
,"C:\\Users\\Hp\\Pictures\\_REACT\\researchpaper\\research-paper\\src\\hooks\\useColorMode.jsx": {"path":"C:\\Users\\Hp\\Pictures\\_REACT\\researchpaper\\research-paper\\src\\hooks\\useColorMode.jsx","statementMap":{"0":{"start":{"line":4,"column":21},"end":{"line":17,"column":1}},"1":{"start":{"line":5,"column":36},"end":{"line":5,"column":75}},"2":{"start":{"line":7,"column":2},"end":{"line":14,"column":18}},"3":{"start":{"line":8,"column":22},"end":{"line":8,"column":28}},"4":{"start":{"line":9,"column":22},"end":{"line":9,"column":52}},"5":{"start":{"line":11,"column":4},"end":{"line":13,"column":36}},"6":{"start":{"line":16,"column":2},"end":{"line":16,"column":35}}},"fnMap":{"0":{"name":"(anonymous_0)","decl":{"start":{"line":4,"column":21},"end":{"line":4,"column":22}},"loc":{"start":{"line":4,"column":27},"end":{"line":17,"column":1}},"line":4},"1":{"name":"(anonymous_1)","decl":{"start":{"line":7,"column":12},"end":{"line":7,"column":13}},"loc":{"start":{"line":7,"column":18},"end":{"line":14,"column":3}},"line":7}},"branchMap":{"0":{"loc":{"start":{"line":11,"column":4},"end":{"line":13,"column":35}},"type":"cond-expr","locations":[{"start":{"line":12,"column":8},"end":{"line":12,"column":32}},{"start":{"line":13,"column":8},"end":{"line":13,"column":35}}],"line":11}},"s":{"0":0,"1":0,"2":0,"3":0,"4":0,"5":0,"6":0},"f":{"0":0,"1":0},"b":{"0":[0,0]}}
,"C:\\Users\\Hp\\Pictures\\_REACT\\researchpaper\\research-paper\\src\\hooks\\useLocalStorage.jsx": {"path":"C:\\Users\\Hp\\Pictures\\_REACT\\researchpaper\\research-paper\\src\\hooks\\useLocalStorage.jsx","statementMap":{"0":{"start":{"line":4,"column":40},"end":{"line":12,"column":4}},"1":{"start":{"line":5,"column":4},"end":{"line":11,"column":5}},"2":{"start":{"line":6,"column":19},"end":{"line":6,"column":51}},"3":{"start":{"line":7,"column":6},"end":{"line":7,"column":52}},"4":{"start":{"line":9,"column":6},"end":{"line":9,"column":27}},"5":{"start":{"line":10,"column":6},"end":{"line":10,"column":26}},"6":{"start":{"line":14,"column":2},"end":{"line":24,"column":25}},"7":{"start":{"line":15,"column":4},"end":{"line":23,"column":5}},"8":{"start":{"line":17,"column":8},"end":{"line":19,"column":23}},"9":{"start":{"line":20,"column":6},"end":{"line":20,"column":69}},"10":{"start":{"line":22,"column":6},"end":{"line":22,"column":27}},"11":{"start":{"line":26,"column":2},"end":{"line":26,"column":39}}},"fnMap":{"0":{"name":"useLocalStorage","decl":{"start":{"line":3,"column":9},"end":{"line":3,"column":24}},"loc":{"start":{"line":3,"column":44},"end":{"line":27,"column":1}},"line":3},"1":{"name":"(anonymous_1)","decl":{"start":{"line":4,"column":49},"end":{"line":4,"column":50}},"loc":{"start":{"line":4,"column":55},"end":{"line":12,"column":3}},"line":4},"2":{"name":"(anonymous_2)","decl":{"start":{"line":14,"column":12},"end":{"line":14,"column":13}},"loc":{"start":{"line":14,"column":18},"end":{"line":24,"column":3}},"line":14}},"branchMap":{"0":{"loc":{"start":{"line":7,"column":13},"end":{"line":7,"column":51}},"type":"cond-expr","locations":[{"start":{"line":7,"column":20},"end":{"line":7,"column":36}},{"start":{"line":7,"column":39},"end":{"line":7,"column":51}}],"line":7},"1":{"loc":{"start":{"line":17,"column":8},"end":{"line":19,"column":23}},"type":"cond-expr","locations":[{"start":{"line":18,"column":12},"end":{"line":18,"column":36}},{"start":{"line":19,"column":12},"end":{"line":19,"column":23}}],"line":17}},"s":{"0":0,"1":0,"2":0,"3":0,"4":0,"5":0,"6":0,"7":0,"8":0,"9":0,"10":0,"11":0},"f":{"0":0,"1":0,"2":0},"b":{"0":[0,0],"1":[0,0]}}
,"C:\\Users\\Hp\\Pictures\\_REACT\\researchpaper\\research-paper\\src\\layout\\DefaultLayout.jsx": {"path":"C:\\Users\\Hp\\Pictures\\_REACT\\researchpaper\\research-paper\\src\\layout\\DefaultLayout.jsx","statementMap":{"0":{"start":{"line":5,"column":22},"end":{"line":35,"column":1}},"1":{"start":{"line":6,"column":40},"end":{"line":6,"column":55}},"2":{"start":{"line":8,"column":2},"end":{"line":34,"column":4}}},"fnMap":{"0":{"name":"(anonymous_0)","decl":{"start":{"line":5,"column":22},"end":{"line":5,"column":23}},"loc":{"start":{"line":5,"column":40},"end":{"line":35,"column":1}},"line":5}},"branchMap":{},"s":{"0":0,"1":0,"2":0},"f":{"0":0},"b":{}}
,"C:\\Users\\Hp\\Pictures\\_REACT\\researchpaper\\research-paper\\src\\pages\\Calendar.jsx": {"path":"C:\\Users\\Hp\\Pictures\\_REACT\\researchpaper\\research-paper\\src\\pages\\Calendar.jsx","statementMap":{"0":{"start":{"line":4,"column":17},"end":{"line":272,"column":1}},"1":{"start":{"line":5,"column":2},"end":{"line":271,"column":4}}},"fnMap":{"0":{"name":"(anonymous_0)","decl":{"start":{"line":4,"column":17},"end":{"line":4,"column":18}},"loc":{"start":{"line":4,"column":23},"end":{"line":272,"column":1}},"line":4}},"branchMap":{},"s":{"0":0,"1":0},"f":{"0":0},"b":{}}
,"C:\\Users\\Hp\\Pictures\\_REACT\\researchpaper\\research-paper\\src\\pages\\Chart.jsx": {"path":"C:\\Users\\Hp\\Pictures\\_REACT\\researchpaper\\research-paper\\src\\pages\\Chart.jsx","statementMap":{"0":{"start":{"line":8,"column":14},"end":{"line":20,"column":1}},"1":{"start":{"line":9,"column":2},"end":{"line":19,"column":4}}},"fnMap":{"0":{"name":"(anonymous_0)","decl":{"start":{"line":8,"column":14},"end":{"line":8,"column":15}},"loc":{"start":{"line":8,"column":20},"end":{"line":20,"column":1}},"line":8}},"branchMap":{},"s":{"0":0,"1":0},"f":{"0":0},"b":{}}
,"C:\\Users\\Hp\\Pictures\\_REACT\\researchpaper\\research-paper\\src\\pages\\Profile.jsx": {"path":"C:\\Users\\Hp\\Pictures\\_REACT\\researchpaper\\research-paper\\src\\pages\\Profile.jsx","statementMap":{"0":{"start":{"line":7,"column":16},"end":{"line":273,"column":1}},"1":{"start":{"line":8,"column":2},"end":{"line":272,"column":4}}},"fnMap":{"0":{"name":"(anonymous_0)","decl":{"start":{"line":7,"column":16},"end":{"line":7,"column":17}},"loc":{"start":{"line":7,"column":22},"end":{"line":273,"column":1}},"line":7}},"branchMap":{},"s":{"0":0,"1":0},"f":{"0":0},"b":{}}
,"C:\\Users\\Hp\\Pictures\\_REACT\\researchpaper\\research-paper\\src\\pages\\Settings.jsx": {"path":"C:\\Users\\Hp\\Pictures\\_REACT\\researchpaper\\research-paper\\src\\pages\\Settings.jsx","statementMap":{"0":{"start":{"line":5,"column":17},"end":{"line":266,"column":1}},"1":{"start":{"line":6,"column":29},"end":{"line":8,"column":3}},"2":{"start":{"line":7,"column":4},"end":{"line":7,"column":72}},"3":{"start":{"line":7,"column":40},"end":{"line":7,"column":70}},"4":{"start":{"line":9,"column":26},"end":{"line":9,"column":73}},"5":{"start":{"line":10,"column":2},"end":{"line":265,"column":4}}},"fnMap":{"0":{"name":"(anonymous_0)","decl":{"start":{"line":5,"column":17},"end":{"line":5,"column":18}},"loc":{"start":{"line":5,"column":23},"end":{"line":266,"column":1}},"line":5},"1":{"name":"(anonymous_1)","decl":{"start":{"line":6,"column":29},"end":{"line":6,"column":30}},"loc":{"start":{"line":6,"column":43},"end":{"line":8,"column":3}},"line":6},"2":{"name":"(anonymous_2)","decl":{"start":{"line":7,"column":26},"end":{"line":7,"column":27}},"loc":{"start":{"line":7,"column":40},"end":{"line":7,"column":70}},"line":7}},"branchMap":{},"s":{"0":0,"1":0,"2":0,"3":0,"4":0,"5":0},"f":{"0":0,"1":0,"2":0},"b":{}}
,"C:\\Users\\Hp\\Pictures\\_REACT\\researchpaper\\research-paper\\src\\pages\\Tables.jsx": {"path":"C:\\Users\\Hp\\Pictures\\_REACT\\researchpaper\\research-paper\\src\\pages\\Tables.jsx","statementMap":{"0":{"start":{"line":7,"column":15},"end":{"line":19,"column":1}},"1":{"start":{"line":8,"column":2},"end":{"line":18,"column":4}}},"fnMap":{"0":{"name":"(anonymous_0)","decl":{"start":{"line":7,"column":15},"end":{"line":7,"column":16}},"loc":{"start":{"line":7,"column":21},"end":{"line":19,"column":1}},"line":7}},"branchMap":{},"s":{"0":0,"1":0},"f":{"0":0},"b":{}}
,"C:\\Users\\Hp\\Pictures\\_REACT\\researchpaper\\research-paper\\src\\pages\\Dashboard\\ECommerce.jsx": {"path":"C:\\Users\\Hp\\Pictures\\_REACT\\researchpaper\\research-paper\\src\\pages\\Dashboard\\ECommerce.jsx","statementMap":{"0":{"start":{"line":10,"column":18},"end":{"line":104,"column":1}},"1":{"start":{"line":11,"column":2},"end":{"line":103,"column":4}}},"fnMap":{"0":{"name":"(anonymous_0)","decl":{"start":{"line":10,"column":18},"end":{"line":10,"column":19}},"loc":{"start":{"line":10,"column":24},"end":{"line":104,"column":1}},"line":10}},"branchMap":{},"s":{"0":0,"1":0},"f":{"0":0},"b":{}}
,"C:\\Users\\Hp\\Pictures\\_REACT\\researchpaper\\research-paper\\src\\types\\chat.js": {"path":"C:\\Users\\Hp\\Pictures\\_REACT\\researchpaper\\research-paper\\src\\types\\chat.js","statementMap":{"0":{"start":{"line":1,"column":20},"end":{"line":8,"column":1}}},"fnMap":{},"branchMap":{},"s":{"0":0},"f":{},"b":{}}
,"C:\\Users\\Hp\\Pictures\\_REACT\\researchpaper\\research-paper\\src\\util\\validation.js": {"path":"C:\\Users\\Hp\\Pictures\\_REACT\\researchpaper\\research-paper\\src\\util\\validation.js","statementMap":{"0":{"start":{"line":2,"column":2},"end":{"line":2,"column":29}},"1":{"start":{"line":6,"column":2},"end":{"line":6,"column":29}},"2":{"start":{"line":10,"column":2},"end":{"line":10,"column":35}},"3":{"start":{"line":14,"column":2},"end":{"line":14,"column":30}}},"fnMap":{"0":{"name":"isEmail","decl":{"start":{"line":1,"column":16},"end":{"line":1,"column":23}},"loc":{"start":{"line":1,"column":31},"end":{"line":3,"column":1}},"line":1},"1":{"name":"isNotEmpty","decl":{"start":{"line":5,"column":16},"end":{"line":5,"column":26}},"loc":{"start":{"line":5,"column":34},"end":{"line":7,"column":1}},"line":5},"2":{"name":"hasMinLength","decl":{"start":{"line":9,"column":16},"end":{"line":9,"column":28}},"loc":{"start":{"line":9,"column":47},"end":{"line":11,"column":1}},"line":9},"3":{"name":"isEqualsToOtherValue","decl":{"start":{"line":13,"column":16},"end":{"line":13,"column":36}},"loc":{"start":{"line":13,"column":56},"end":{"line":15,"column":1}},"line":13}},"branchMap":{},"s":{"0":0,"1":0,"2":0,"3":0},"f":{"0":0,"1":0,"2":0,"3":0},"b":{}}
}
