TN:
SF:src\App.jsx
FN:5,App
FN:8,(anonymous_1)
FN:13,(anonymous_2)
FN:27,(anonymous_3)
FNF:4
FNH:0
FNDA:0,App
FNDA:0,(anonymous_1)
FNDA:0,(anonymous_2)
FNDA:0,(anonymous_3)
DA:6,0
DA:7,0
DA:8,0
DA:9,0
DA:12,0
DA:14,0
DA:18,0
DA:19,0
DA:20,0
DA:22,0
DA:23,0
DA:27,0
DA:28,0
DA:29,0
DA:32,0
DA:50,0
DA:56,0
LF:17
LH:0
BRDA:14,0,0,0
BRDA:14,0,1,0
BRDA:18,1,0,0
BRDA:18,1,1,0
BRDA:32,2,0,0
BRDA:32,2,1,0
BRDA:50,3,0,0
BRDA:50,3,1,0
BRF:8
BRH:0
end_of_record
TN:
SF:src\main.jsx
FNF:0
FNH:0
DA:6,0
DA:7,0
LF:2
LH:0
BRF:0
BRH:0
end_of_record
TN:
SF:src\components\Header.jsx
FN:3,Header
FNF:1
FNH:0
FNDA:0,Header
DA:4,0
LF:1
LH:0
BRF:0
BRH:0
end_of_record
TN:
SF:src\components\data.js
FNF:0
FNH:0
DA:1,0
LF:1
LH:0
BRF:0
BRH:0
end_of_record
TN:
SF:src\components\InformationShow\InformationShow.jsx
FNF:0
FNH:0
LF:0
LH:0
BRF:0
BRH:0
end_of_record
TN:
SF:src\components\Login\Login.jsx
FN:4,Login
FN:5,(anonymous_1)
FN:6,(anonymous_2)
FN:7,(anonymous_3)
FN:34,handleSubmit
FN:49,reset
FNF:6
FNH:3
FNDA:12,Login
FNDA:0,(anonymous_1)
FNDA:12,(anonymous_2)
FNDA:12,(anonymous_3)
FNDA:0,handleSubmit
FNDA:0,reset
DA:5,12
DA:6,12
DA:7,12
DA:8,12
DA:23,12
DA:32,12
DA:35,0
DA:36,0
DA:37,0
DA:39,0
DA:43,0
DA:44,0
DA:45,0
DA:46,0
DA:50,0
DA:51,0
DA:53,12
DA:55,12
LF:18
LH:8
BRDA:23,0,0,12
BRDA:23,0,1,12
BRDA:32,1,0,12
BRDA:32,1,1,12
BRDA:36,2,0,0
BRDA:36,2,1,0
BRDA:36,3,0,0
BRDA:36,3,1,0
BRDA:53,4,0,12
BRDA:53,4,1,12
BRDA:71,5,0,12
BRDA:71,5,1,0
BRDA:89,6,0,12
BRDA:89,6,1,0
BRF:14
BRH:8
end_of_record
TN:
SF:src\hooks\use-http.jsx
FN:3,(anonymous_0)
FN:7,(anonymous_1)
FNF:2
FNH:0
FNDA:0,(anonymous_0)
FNDA:0,(anonymous_1)
DA:3,0
DA:4,0
DA:5,0
DA:7,0
DA:8,0
DA:9,0
DA:10,0
DA:11,0
DA:17,0
DA:18,0
DA:21,0
DA:22,0
DA:24,0
DA:26,0
DA:29,0
LF:15
LH:0
BRDA:12,0,0,0
BRDA:12,0,1,0
BRDA:13,1,0,0
BRDA:13,1,1,0
BRDA:14,2,0,0
BRDA:14,2,1,0
BRDA:17,3,0,0
BRDA:17,3,1,0
BRDA:24,4,0,0
BRDA:24,4,1,0
BRF:10
BRH:0
end_of_record
TN:
SF:src\hooks\use-input.jsx
FN:3,(anonymous_0)
FN:12,(anonymous_1)
FN:16,(anonymous_2)
FN:20,(anonymous_3)
FNF:4
FNH:2
FNDA:24,(anonymous_0)
FNDA:6,(anonymous_1)
FNDA:0,(anonymous_2)
FNDA:0,(anonymous_3)
DA:3,1
DA:4,24
DA:6,24
DA:8,24
DA:10,24
DA:12,24
DA:13,6
DA:16,24
DA:17,0
DA:20,24
DA:21,0
DA:22,0
DA:25,24
LF:13
LH:10
BRDA:10,0,0,24
BRDA:10,0,1,21
BRF:2
BRH:2
end_of_record
TN:
SF:src\util\validation.js
FN:1,isEmail
FN:5,isNotEmpty
FN:9,hasMinLength
FN:13,isEqualsToOtherValue
FNF:4
FNH:0
FNDA:0,isEmail
FNDA:0,isNotEmpty
FNDA:0,hasMinLength
FNDA:0,isEqualsToOtherValue
DA:2,0
DA:6,0
DA:10,0
DA:14,0
LF:4
LH:0
BRF:0
BRH:0
end_of_record
