TN:
SF:src\App.jsx
FN:10,App
FN:13,(anonymous_1)
FN:18,(anonymous_2)
FN:32,(anonymous_3)
FN:68,(anonymous_4)
FNF:5
FNH:0
FNDA:0,App
FNDA:0,(anonymous_1)
FNDA:0,(anonymous_2)
FNDA:0,(anonymous_3)
FNDA:0,(anonymous_4)
DA:11,0
DA:12,0
DA:13,0
DA:14,0
DA:17,0
DA:19,0
DA:23,0
DA:24,0
DA:25,0
DA:27,0
DA:28,0
DA:32,0
DA:33,0
DA:34,0
DA:37,0
DA:55,0
DA:65,0
DA:69,0
LF:18
LH:0
BRDA:19,0,0,0
BRDA:19,0,1,0
BRDA:23,1,0,0
BRDA:23,1,1,0
BRDA:37,2,0,0
BRDA:37,2,1,0
BRDA:55,3,0,0
BRDA:55,3,1,0
BRF:8
BRH:0
end_of_record
TN:
SF:src\main.jsx
FNF:0
FNH:0
DA:10,0
DA:11,0
LF:2
LH:0
BRF:0
BRH:0
end_of_record
TN:
SF:src\common\Loader\index.jsx
FN:1,(anonymous_0)
FNF:1
FNH:0
FNDA:0,(anonymous_0)
DA:1,0
DA:2,0
LF:2
LH:0
BRF:0
BRH:0
end_of_record
TN:
SF:src\components\CardDataStats.jsx
FN:3,(anonymous_0)
FNF:1
FNH:0
FNDA:0,(anonymous_0)
DA:3,0
DA:11,0
LF:2
LH:0
BRDA:27,0,0,0
BRDA:27,0,1,0
BRDA:28,1,0,0
BRDA:28,1,1,0
BRDA:32,2,0,0
BRDA:32,2,1,0
BRDA:47,3,0,0
BRDA:47,3,1,0
BRF:8
BRH:0
end_of_record
TN:
SF:src\components\HeaderLogin.jsx
FN:3,HeaderLogin
FNF:1
FNH:0
FNDA:0,HeaderLogin
DA:4,0
LF:1
LH:0
BRF:0
BRH:0
end_of_record
TN:
SF:src\components\PageTitle.jsx
FN:4,(anonymous_0)
FN:7,(anonymous_1)
FNF:2
FNH:0
FNDA:0,(anonymous_0)
FNDA:0,(anonymous_1)
DA:4,0
DA:5,0
DA:7,0
DA:8,0
DA:11,0
LF:5
LH:0
BRF:0
BRH:0
end_of_record
TN:
SF:src\components\datausers.js
FNF:0
FNH:0
DA:1,0
DA:6,0
LF:2
LH:0
BRF:0
BRH:0
end_of_record
TN:
SF:src\components\Breadcrumbs\Breadcrumb.jsx
FN:2,(anonymous_0)
FNF:1
FNH:0
FNDA:0,(anonymous_0)
DA:2,0
DA:3,0
LF:2
LH:0
BRF:0
BRH:0
end_of_record
TN:
SF:src\components\Charts\ChartOne.jsx
FN:8,(anonymous_0)
FNF:1
FNH:0
FNDA:0,(anonymous_0)
DA:4,0
DA:8,0
DA:9,0
DA:31,0
LF:4
LH:0
BRF:0
BRH:0
end_of_record
TN:
SF:src\components\Charts\ChartResult.jsx
FN:7,(anonymous_0)
FN:27,(anonymous_1)
FN:29,(anonymous_2)
FN:36,(anonymous_3)
FN:37,(anonymous_4)
FN:52,(anonymous_5)
FN:86,(anonymous_6)
FN:91,(anonymous_7)
FN:92,(anonymous_8)
FN:106,(anonymous_9)
FN:110,(anonymous_10)
FNF:11
FNH:0
FNDA:0,(anonymous_0)
FNDA:0,(anonymous_1)
FNDA:0,(anonymous_2)
FNDA:0,(anonymous_3)
FNDA:0,(anonymous_4)
FNDA:0,(anonymous_5)
FNDA:0,(anonymous_6)
FNDA:0,(anonymous_7)
FNDA:0,(anonymous_8)
FNDA:0,(anonymous_9)
FNDA:0,(anonymous_10)
DA:7,0
DA:8,0
DA:9,0
DA:27,0
DA:29,0
DA:30,0
DA:32,0
DA:34,0
DA:35,0
DA:36,0
DA:37,0
DA:39,0
DA:53,0
DA:54,0
DA:56,0
DA:79,0
DA:83,0
DA:86,0
DA:87,0
DA:89,0
DA:91,0
DA:92,0
DA:95,0
DA:97,0
DA:100,0
DA:102,0
DA:105,0
DA:106,0
DA:107,0
DA:110,0
DA:112,0
LF:31
LH:0
BRDA:32,0,0,0
BRDA:32,0,1,0
BRDA:32,1,0,0
BRDA:32,1,1,0
BRDA:35,2,0,0
BRDA:35,2,1,0
BRDA:35,3,0,0
BRDA:35,3,1,0
BRDA:53,4,0,0
BRDA:53,4,1,0
BRDA:92,5,0,0
BRDA:92,5,1,0
BRDA:126,6,0,0
BRDA:126,6,1,0
BRF:14
BRH:0
end_of_record
TN:
SF:src\components\Charts\ChartThree.jsx
FN:53,(anonymous_0)
FN:105,(anonymous_1)
FNF:2
FNH:0
FNDA:0,(anonymous_0)
FNDA:0,(anonymous_1)
DA:4,0
DA:53,0
DA:54,0
DA:57,0
DA:106,0
LF:5
LH:0
BRF:0
BRH:0
end_of_record
TN:
SF:src\components\Charts\ChartTwo.jsx
FN:61,(anonymous_0)
FN:74,(anonymous_1)
FN:75,(anonymous_2)
FNF:3
FNH:0
FNDA:0,(anonymous_0)
FNDA:0,(anonymous_1)
FNDA:0,(anonymous_2)
DA:4,0
DA:61,0
DA:62,0
DA:74,0
DA:75,0
DA:79,0
LF:6
LH:0
BRF:0
BRH:0
end_of_record
TN:
SF:src\components\Chat\ChatCard.jsx
FN:60,(anonymous_0)
FN:68,(anonymous_1)
FNF:2
FNH:0
FNDA:0,(anonymous_0)
FNDA:0,(anonymous_1)
DA:9,0
DA:60,0
DA:61,0
DA:69,0
LF:4
LH:0
BRDA:94,0,0,0
BRDA:94,0,1,0
BRF:2
BRH:0
end_of_record
TN:
SF:src\components\Context\ChartDataContext.jsx
FN:5,(anonymous_0)
FN:9,(anonymous_1)
FNF:2
FNH:0
FNDA:0,(anonymous_0)
FNDA:0,(anonymous_1)
DA:3,0
DA:5,0
DA:6,0
DA:9,0
DA:21,0
DA:1640,0
DA:1642,0
LF:7
LH:0
BRF:0
BRH:0
end_of_record
TN:
SF:src\components\Context\ExperementsContext.jsx
FN:4,(anonymous_0)
FN:8,(anonymous_1)
FNF:2
FNH:0
FNDA:0,(anonymous_0)
FNDA:0,(anonymous_1)
DA:2,0
DA:4,0
DA:5,0
DA:8,0
DA:9,0
DA:24,0
LF:6
LH:0
BRF:0
BRH:0
end_of_record
TN:
SF:src\components\Context\ShowInfoContext.jsx
FN:5,(anonymous_0)
FN:7,(anonymous_1)
FNF:2
FNH:0
FNDA:0,(anonymous_0)
FNDA:0,(anonymous_1)
DA:3,0
DA:5,0
DA:7,0
DA:8,0
DA:10,0
LF:5
LH:0
BRF:0
BRH:0
end_of_record
TN:
SF:src\components\Header\DarkModeSwitcher.jsx
FN:3,(anonymous_0)
FN:15,(anonymous_1)
FNF:2
FNH:0
FNDA:0,(anonymous_0)
FNDA:0,(anonymous_1)
DA:3,0
DA:4,0
DA:6,0
DA:16,0
DA:17,0
LF:5
LH:0
BRDA:10,0,0,0
BRDA:10,0,1,0
BRDA:16,1,0,0
BRDA:16,1,1,0
BRDA:17,2,0,0
BRDA:17,2,1,0
BRDA:24,3,0,0
BRDA:24,3,1,0
BRF:8
BRH:0
end_of_record
TN:
SF:src\components\Header\DropdownMessage.jsx
FN:9,(anonymous_0)
FN:17,(anonymous_1)
FN:18,(anonymous_2)
FN:29,(anonymous_3)
FN:33,(anonymous_4)
FN:34,(anonymous_5)
FN:39,(anonymous_6)
FN:46,(anonymous_7)
FN:91,(anonymous_8)
FN:92,(anonymous_9)
FNF:10
FNH:0
FNDA:0,(anonymous_0)
FNDA:0,(anonymous_1)
FNDA:0,(anonymous_2)
FNDA:0,(anonymous_3)
FNDA:0,(anonymous_4)
FNDA:0,(anonymous_5)
FNDA:0,(anonymous_6)
FNDA:0,(anonymous_7)
FNDA:0,(anonymous_8)
FNDA:0,(anonymous_9)
DA:9,0
DA:10,0
DA:11,0
DA:13,0
DA:14,0
DA:17,0
DA:18,0
DA:19,0
DA:20,0
DA:25,0
DA:26,0
DA:28,0
DA:29,0
DA:33,0
DA:34,0
DA:35,0
DA:36,0
DA:38,0
DA:39,0
DA:42,0
DA:47,0
DA:48,0
DA:91,0
DA:92,0
LF:24
LH:0
BRDA:19,0,0,0
BRDA:19,0,1,0
BRDA:20,1,0,0
BRDA:20,1,1,0
BRDA:21,2,0,0
BRDA:21,2,1,0
BRDA:21,2,2,0
BRDA:35,3,0,0
BRDA:35,3,1,0
BRDA:35,4,0,0
BRDA:35,4,1,0
BRDA:55,5,0,0
BRDA:55,5,1,0
BRDA:94,6,0,0
BRDA:94,6,1,0
BRF:15
BRH:0
end_of_record
TN:
SF:src\components\Header\DropdownNotification.jsx
FN:4,(anonymous_0)
FN:11,(anonymous_1)
FN:12,(anonymous_2)
FN:23,(anonymous_3)
FN:27,(anonymous_4)
FN:28,(anonymous_5)
FN:33,(anonymous_6)
FN:40,(anonymous_7)
FN:72,(anonymous_8)
FN:73,(anonymous_9)
FNF:10
FNH:0
FNDA:0,(anonymous_0)
FNDA:0,(anonymous_1)
FNDA:0,(anonymous_2)
FNDA:0,(anonymous_3)
FNDA:0,(anonymous_4)
FNDA:0,(anonymous_5)
FNDA:0,(anonymous_6)
FNDA:0,(anonymous_7)
FNDA:0,(anonymous_8)
FNDA:0,(anonymous_9)
DA:4,0
DA:5,0
DA:6,0
DA:8,0
DA:9,0
DA:11,0
DA:12,0
DA:13,0
DA:14,0
DA:19,0
DA:20,0
DA:22,0
DA:23,0
DA:27,0
DA:28,0
DA:29,0
DA:30,0
DA:32,0
DA:33,0
DA:36,0
DA:41,0
DA:42,0
DA:72,0
DA:73,0
LF:24
LH:0
BRDA:13,0,0,0
BRDA:13,0,1,0
BRDA:14,1,0,0
BRDA:14,1,1,0
BRDA:15,2,0,0
BRDA:15,2,1,0
BRDA:15,2,2,0
BRDA:29,3,0,0
BRDA:29,3,1,0
BRDA:29,4,0,0
BRDA:29,4,1,0
BRDA:49,5,0,0
BRDA:49,5,1,0
BRDA:75,6,0,0
BRDA:75,6,1,0
BRF:15
BRH:0
end_of_record
TN:
SF:src\components\Header\DropdownUser.jsx
FN:5,(anonymous_0)
FN:8,(anonymous_1)
FN:17,(anonymous_2)
FN:18,(anonymous_3)
FN:29,(anonymous_4)
FN:33,(anonymous_5)
FN:34,(anonymous_6)
FN:39,(anonymous_7)
FN:46,(anonymous_8)
FN:81,(anonymous_9)
FN:82,(anonymous_10)
FNF:11
FNH:0
FNDA:0,(anonymous_0)
FNDA:0,(anonymous_1)
FNDA:0,(anonymous_2)
FNDA:0,(anonymous_3)
FNDA:0,(anonymous_4)
FNDA:0,(anonymous_5)
FNDA:0,(anonymous_6)
FNDA:0,(anonymous_7)
FNDA:0,(anonymous_8)
FNDA:0,(anonymous_9)
FNDA:0,(anonymous_10)
DA:5,0
DA:6,0
DA:8,0
DA:9,0
DA:11,0
DA:13,0
DA:14,0
DA:17,0
DA:18,0
DA:19,0
DA:20,0
DA:25,0
DA:26,0
DA:28,0
DA:29,0
DA:33,0
DA:34,0
DA:35,0
DA:36,0
DA:38,0
DA:39,0
DA:42,0
DA:46,0
DA:81,0
DA:82,0
LF:25
LH:0
BRDA:19,0,0,0
BRDA:19,0,1,0
BRDA:20,1,0,0
BRDA:20,1,1,0
BRDA:21,2,0,0
BRDA:21,2,1,0
BRDA:21,2,2,0
BRDA:35,3,0,0
BRDA:35,3,1,0
BRDA:35,4,0,0
BRDA:35,4,1,0
BRDA:84,5,0,0
BRDA:84,5,1,0
BRF:13
BRH:0
end_of_record
TN:
SF:src\components\Header\index.jsx
FN:8,(anonymous_0)
FN:16,(anonymous_1)
FNF:2
FNH:0
FNDA:0,(anonymous_0)
FNDA:0,(anonymous_1)
DA:8,0
DA:9,0
DA:17,0
DA:18,0
LF:4
LH:0
BRDA:26,0,0,0
BRDA:26,0,1,0
BRDA:31,1,0,0
BRDA:31,1,1,0
BRDA:36,2,0,0
BRDA:36,2,1,0
BRDA:43,3,0,0
BRDA:43,3,1,0
BRDA:48,4,0,0
BRDA:48,4,1,0
BRF:10
BRH:0
end_of_record
TN:
SF:src\components\Login\Login.jsx
FN:4,Login
FN:5,(anonymous_1)
FN:6,(anonymous_2)
FN:7,(anonymous_3)
FN:34,handleSubmit
FN:49,reset
FNF:6
FNH:3
FNDA:12,Login
FNDA:0,(anonymous_1)
FNDA:12,(anonymous_2)
FNDA:12,(anonymous_3)
FNDA:0,handleSubmit
FNDA:0,reset
DA:5,12
DA:6,12
DA:7,12
DA:8,12
DA:23,12
DA:32,12
DA:35,0
DA:36,0
DA:37,0
DA:39,0
DA:43,0
DA:44,0
DA:45,0
DA:46,0
DA:50,0
DA:51,0
DA:53,12
DA:55,12
LF:18
LH:8
BRDA:23,0,0,12
BRDA:23,0,1,12
BRDA:32,1,0,12
BRDA:32,1,1,12
BRDA:36,2,0,0
BRDA:36,2,1,0
BRDA:36,3,0,0
BRDA:36,3,1,0
BRDA:53,4,0,12
BRDA:53,4,1,12
BRDA:71,5,0,12
BRDA:71,5,1,0
BRDA:89,6,0,12
BRDA:89,6,1,0
BRF:14
BRH:8
end_of_record
TN:
SF:src\components\PersonalAccount\PersonalAcc.jsx
FN:12,PersonalAcc
FN:16,(anonymous_1)
FN:20,(anonymous_2)
FN:21,(anonymous_3)
FNF:4
FNH:0
FNDA:0,PersonalAcc
FNDA:0,(anonymous_1)
FNDA:0,(anonymous_2)
FNDA:0,(anonymous_3)
DA:13,0
DA:14,0
DA:16,0
DA:17,0
DA:20,0
DA:21,0
DA:24,0
LF:7
LH:0
BRDA:24,0,0,0
BRDA:24,0,1,0
BRF:2
BRH:0
end_of_record
TN:
SF:src\components\Sidebar\SidebarLinkGroup.jsx
FN:3,(anonymous_0)
FN:6,(anonymous_1)
FNF:2
FNH:0
FNDA:0,(anonymous_0)
FNDA:0,(anonymous_1)
DA:3,0
DA:4,0
DA:6,0
DA:7,0
DA:10,0
LF:5
LH:0
BRF:0
BRH:0
end_of_record
TN:
SF:src\components\Sidebar\index.jsx
FN:5,(anonymous_0)
FN:18,(anonymous_1)
FN:19,(anonymous_2)
FN:30,(anonymous_3)
FN:34,(anonymous_4)
FN:35,(anonymous_5)
FN:40,(anonymous_6)
FN:43,(anonymous_7)
FN:75,(anonymous_8)
FN:85,(anonymous_9)
FN:146,(anonymous_10)
FNF:11
FNH:0
FNDA:0,(anonymous_0)
FNDA:0,(anonymous_1)
FNDA:0,(anonymous_2)
FNDA:0,(anonymous_3)
FNDA:0,(anonymous_4)
FNDA:0,(anonymous_5)
FNDA:0,(anonymous_6)
FNDA:0,(anonymous_7)
FNDA:0,(anonymous_8)
FNDA:0,(anonymous_9)
FNDA:0,(anonymous_10)
DA:5,0
DA:6,0
DA:7,0
DA:9,0
DA:10,0
DA:12,0
DA:13,0
DA:18,0
DA:19,0
DA:20,0
DA:21,0
DA:26,0
DA:27,0
DA:29,0
DA:30,0
DA:34,0
DA:35,0
DA:36,0
DA:37,0
DA:39,0
DA:40,0
DA:43,0
DA:44,0
DA:45,0
DA:46,0
DA:48,0
DA:52,0
DA:76,0
DA:86,0
DA:87,0
DA:147,0
LF:31
LH:0
BRDA:14,0,0,0
BRDA:14,0,1,0
BRDA:20,1,0,0
BRDA:20,1,1,0
BRDA:20,2,0,0
BRDA:20,2,1,0
BRDA:21,3,0,0
BRDA:21,3,1,0
BRDA:22,4,0,0
BRDA:22,4,1,0
BRDA:22,4,2,0
BRDA:36,5,0,0
BRDA:36,5,1,0
BRDA:36,6,0,0
BRDA:36,6,1,0
BRDA:45,7,0,0
BRDA:45,7,1,0
BRDA:56,8,0,0
BRDA:56,8,1,0
BRDA:72,9,0,0
BRDA:72,9,1,0
BRDA:81,10,0,0
BRDA:81,10,1,0
BRDA:81,10,2,0
BRDA:87,11,0,0
BRDA:87,11,1,0
BRDA:120,12,0,0
BRDA:120,12,1,0
BRDA:139,13,0,0
BRDA:139,13,1,0
BRDA:148,14,0,0
BRDA:148,14,1,0
BRDA:168,15,0,0
BRDA:168,15,1,0
BRDA:195,16,0,0
BRDA:195,16,1,0
BRDA:222,17,0,0
BRDA:222,17,1,0
BRDA:260,18,0,0
BRDA:260,18,1,0
BRDA:312,19,0,0
BRDA:312,19,1,0
BRF:42
BRH:0
end_of_record
TN:
SF:src\components\Tables\EditExperimentResult.jsx
FN:4,(anonymous_0)
FN:13,(anonymous_1)
FN:20,(anonymous_2)
FN:40,(anonymous_3)
FN:42,(anonymous_4)
FN:47,(anonymous_5)
FNF:6
FNH:0
FNDA:0,(anonymous_0)
FNDA:0,(anonymous_1)
FNDA:0,(anonymous_2)
FNDA:0,(anonymous_3)
FNDA:0,(anonymous_4)
FNDA:0,(anonymous_5)
DA:4,0
DA:8,0
DA:9,0
DA:13,0
DA:14,0
DA:15,0
DA:16,0
DA:17,0
DA:20,0
DA:21,0
DA:22,0
DA:23,0
DA:24,0
DA:25,0
DA:28,0
DA:41,0
DA:43,0
DA:48,0
LF:18
LH:0
BRF:0
BRH:0
end_of_record
TN:
SF:src\components\Tables\TableOne.jsx
FN:6,(anonymous_0)
FN:34,(anonymous_1)
FN:55,(anonymous_2)
FN:60,(anonymous_3)
FN:64,(anonymous_4)
FN:66,(anonymous_5)
FN:68,(anonymous_6)
FN:71,(anonymous_7)
FN:72,(anonymous_8)
FN:89,(anonymous_9)
FN:94,(anonymous_10)
FN:101,(anonymous_11)
FN:105,(anonymous_12)
FN:171,(anonymous_13)
FN:176,(anonymous_14)
FN:180,(anonymous_15)
FN:184,(anonymous_16)
FN:193,(anonymous_17)
FN:203,(anonymous_18)
FN:210,(anonymous_19)
FN:284,(anonymous_20)
FN:309,(anonymous_21)
FN:313,(anonymous_22)
FN:322,(anonymous_23)
FN:340,(anonymous_24)
FN:379,(anonymous_25)
FNF:26
FNH:0
FNDA:0,(anonymous_0)
FNDA:0,(anonymous_1)
FNDA:0,(anonymous_2)
FNDA:0,(anonymous_3)
FNDA:0,(anonymous_4)
FNDA:0,(anonymous_5)
FNDA:0,(anonymous_6)
FNDA:0,(anonymous_7)
FNDA:0,(anonymous_8)
FNDA:0,(anonymous_9)
FNDA:0,(anonymous_10)
FNDA:0,(anonymous_11)
FNDA:0,(anonymous_12)
FNDA:0,(anonymous_13)
FNDA:0,(anonymous_14)
FNDA:0,(anonymous_15)
FNDA:0,(anonymous_16)
FNDA:0,(anonymous_17)
FNDA:0,(anonymous_18)
FNDA:0,(anonymous_19)
FNDA:0,(anonymous_20)
FNDA:0,(anonymous_21)
FNDA:0,(anonymous_22)
FNDA:0,(anonymous_23)
FNDA:0,(anonymous_24)
FNDA:0,(anonymous_25)
DA:6,0
DA:7,0
DA:8,0
DA:9,0
DA:10,0
DA:11,0
DA:12,0
DA:13,0
DA:14,0
DA:15,0
DA:16,0
DA:17,0
DA:18,0
DA:19,0
DA:20,0
DA:21,0
DA:24,0
DA:34,0
DA:35,0
DA:36,0
DA:52,0
DA:55,0
DA:56,0
DA:60,0
DA:61,0
DA:64,0
DA:65,0
DA:66,0
DA:68,0
DA:69,0
DA:71,0
DA:72,0
DA:75,0
DA:77,0
DA:80,0
DA:82,0
DA:86,0
DA:87,0
DA:89,0
DA:90,0
DA:91,0
DA:94,0
DA:95,0
DA:96,0
DA:97,0
DA:98,0
DA:101,0
DA:102,0
DA:105,0
DA:106,0
DA:170,0
DA:171,0
DA:172,0
DA:173,0
DA:176,0
DA:177,0
DA:178,0
DA:180,0
DA:181,0
DA:182,0
DA:184,0
DA:185,0
DA:186,0
DA:187,0
DA:188,0
DA:189,0
DA:192,0
DA:193,0
DA:194,0
DA:197,0
DA:198,0
DA:199,0
DA:203,0
DA:204,0
DA:205,0
DA:210,0
DA:212,0
DA:214,0
DA:216,0
DA:217,0
DA:219,0
DA:222,0
DA:225,0
DA:226,0
DA:227,0
DA:230,0
DA:259,0
DA:285,0
DA:310,0
DA:313,0
DA:322,0
DA:340,0
DA:379,0
LF:93
LH:0
BRDA:8,0,0,0
BRDA:8,0,1,0
BRDA:10,1,0,0
BRDA:10,1,1,0
BRDA:12,2,0,0
BRDA:12,2,1,0
BRDA:14,3,0,0
BRDA:14,3,1,0
BRDA:16,4,0,0
BRDA:16,4,1,0
BRDA:18,5,0,0
BRDA:18,5,1,0
BRDA:20,6,0,0
BRDA:20,6,1,0
BRDA:72,7,0,0
BRDA:72,7,1,0
BRDA:197,8,0,0
BRDA:197,8,1,0
BRDA:245,9,0,0
BRDA:245,9,1,0
BRDA:296,10,0,0
BRDA:296,10,1,0
BRDA:298,11,0,0
BRDA:298,11,1,0
BRDA:300,12,0,0
BRDA:300,12,1,0
BRDA:369,13,0,0
BRDA:369,13,1,0
BRDA:408,14,0,0
BRDA:408,14,1,0
BRDA:411,15,0,0
BRDA:411,15,1,0
BRF:32
BRH:0
end_of_record
TN:
SF:src\components\Tables\TableThree.jsx
FN:26,(anonymous_0)
FN:48,(anonymous_1)
FNF:2
FNH:0
FNDA:0,(anonymous_0)
FNDA:0,(anonymous_1)
DA:3,0
DA:26,0
DA:27,0
DA:49,0
LF:4
LH:0
BRDA:63,0,0,0
BRDA:63,0,1,0
BRDA:65,1,0,0
BRDA:65,1,1,0
BRDA:67,2,0,0
BRDA:67,2,1,0
BRF:6
BRH:0
end_of_record
TN:
SF:src\components\Tables\TableTwo.jsx
FN:24,(anonymous_0)
FN:45,(anonymous_1)
FNF:2
FNH:0
FNDA:0,(anonymous_0)
FNDA:0,(anonymous_1)
DA:1,0
DA:24,0
DA:25,0
DA:46,0
LF:4
LH:0
BRF:0
BRH:0
end_of_record
TN:
SF:src\components\Tables\TableUsres.jsx
FN:6,(anonymous_0)
FN:10,(anonymous_1)
FN:12,(anonymous_2)
FN:18,(anonymous_3)
FN:45,(anonymous_4)
FN:51,(anonymous_5)
FN:53,(anonymous_6)
FN:174,(anonymous_7)
FN:216,(anonymous_8)
FN:218,(anonymous_9)
FN:224,(anonymous_10)
FN:248,(anonymous_11)
FN:254,(anonymous_12)
FN:268,(anonymous_13)
FN:281,(anonymous_14)
FN:288,(anonymous_15)
FN:291,(anonymous_16)
FN:305,(anonymous_17)
FN:307,(anonymous_18)
FN:319,(anonymous_19)
FN:355,(anonymous_20)
FN:374,(anonymous_21)
FNF:22
FNH:0
FNDA:0,(anonymous_0)
FNDA:0,(anonymous_1)
FNDA:0,(anonymous_2)
FNDA:0,(anonymous_3)
FNDA:0,(anonymous_4)
FNDA:0,(anonymous_5)
FNDA:0,(anonymous_6)
FNDA:0,(anonymous_7)
FNDA:0,(anonymous_8)
FNDA:0,(anonymous_9)
FNDA:0,(anonymous_10)
FNDA:0,(anonymous_11)
FNDA:0,(anonymous_12)
FNDA:0,(anonymous_13)
FNDA:0,(anonymous_14)
FNDA:0,(anonymous_15)
FNDA:0,(anonymous_16)
FNDA:0,(anonymous_17)
FNDA:0,(anonymous_18)
FNDA:0,(anonymous_19)
FNDA:0,(anonymous_20)
FNDA:0,(anonymous_21)
DA:6,0
DA:7,0
DA:8,0
DA:10,0
DA:11,0
DA:12,0
DA:18,0
DA:19,0
DA:22,0
DA:23,0
DA:24,0
DA:28,0
DA:29,0
DA:32,0
DA:36,0
DA:37,0
DA:38,0
DA:41,0
DA:42,0
DA:45,0
DA:46,0
DA:47,0
DA:51,0
DA:53,0
DA:54,0
DA:62,0
DA:174,0
DA:175,0
DA:205,0
DA:212,0
DA:213,0
DA:214,0
DA:216,0
DA:217,0
DA:218,0
DA:224,0
DA:225,0
DA:228,0
DA:229,0
DA:230,0
DA:234,0
DA:235,0
DA:238,0
DA:242,0
DA:243,0
DA:244,0
DA:248,0
DA:249,0
DA:250,0
DA:254,0
DA:257,0
DA:264,0
DA:265,0
DA:268,0
DA:269,0
DA:276,0
DA:277,0
DA:278,0
DA:281,0
DA:283,0
DA:284,0
DA:288,0
DA:290,0
DA:291,0
DA:293,0
DA:295,0
DA:296,0
DA:298,0
DA:299,0
DA:300,0
DA:305,0
DA:307,0
DA:308,0
DA:316,0
DA:320,0
DA:321,0
DA:356,0
DA:375,0
LF:78
LH:0
BRDA:22,0,0,0
BRDA:22,0,1,0
BRDA:28,1,0,0
BRDA:28,1,1,0
BRDA:36,2,0,0
BRDA:36,2,1,0
BRDA:68,3,0,0
BRDA:68,3,1,0
BRDA:228,4,0,0
BRDA:228,4,1,0
BRDA:234,5,0,0
BRDA:234,5,1,0
BRDA:242,6,0,0
BRDA:242,6,1,0
BRDA:248,7,0,0
BRDA:248,7,1,0
BRDA:293,8,0,0
BRDA:293,8,1,0
BRDA:327,9,0,0
BRDA:327,9,1,0
BRDA:329,10,0,0
BRDA:329,10,1,0
BRDA:358,11,0,0
BRDA:358,11,1,0
BRF:24
BRH:0
end_of_record
TN:
SF:src\hooks\use-http.jsx
FN:3,(anonymous_0)
FN:7,(anonymous_1)
FNF:2
FNH:0
FNDA:0,(anonymous_0)
FNDA:0,(anonymous_1)
DA:3,0
DA:4,0
DA:5,0
DA:7,0
DA:8,0
DA:9,0
DA:10,0
DA:11,0
DA:17,0
DA:18,0
DA:21,0
DA:22,0
DA:24,0
DA:26,0
DA:29,0
LF:15
LH:0
BRDA:12,0,0,0
BRDA:12,0,1,0
BRDA:13,1,0,0
BRDA:13,1,1,0
BRDA:14,2,0,0
BRDA:14,2,1,0
BRDA:17,3,0,0
BRDA:17,3,1,0
BRDA:24,4,0,0
BRDA:24,4,1,0
BRF:10
BRH:0
end_of_record
TN:
SF:src\hooks\use-input.jsx
FN:3,(anonymous_0)
FN:12,(anonymous_1)
FN:16,(anonymous_2)
FN:20,(anonymous_3)
FNF:4
FNH:2
FNDA:24,(anonymous_0)
FNDA:6,(anonymous_1)
FNDA:0,(anonymous_2)
FNDA:0,(anonymous_3)
DA:3,1
DA:4,24
DA:6,24
DA:8,24
DA:10,24
DA:12,24
DA:13,6
DA:16,24
DA:17,0
DA:20,24
DA:21,0
DA:22,0
DA:25,24
LF:13
LH:10
BRDA:10,0,0,24
BRDA:10,0,1,21
BRF:2
BRH:2
end_of_record
TN:
SF:src\hooks\useColorMode.jsx
FN:4,(anonymous_0)
FN:7,(anonymous_1)
FNF:2
FNH:0
FNDA:0,(anonymous_0)
FNDA:0,(anonymous_1)
DA:4,0
DA:5,0
DA:7,0
DA:8,0
DA:9,0
DA:11,0
DA:16,0
LF:7
LH:0
BRDA:11,0,0,0
BRDA:11,0,1,0
BRF:2
BRH:0
end_of_record
TN:
SF:src\hooks\useLocalStorage.jsx
FN:3,useLocalStorage
FN:4,(anonymous_1)
FN:14,(anonymous_2)
FNF:3
FNH:0
FNDA:0,useLocalStorage
FNDA:0,(anonymous_1)
FNDA:0,(anonymous_2)
DA:4,0
DA:5,0
DA:6,0
DA:7,0
DA:9,0
DA:10,0
DA:14,0
DA:15,0
DA:17,0
DA:20,0
DA:22,0
DA:26,0
LF:12
LH:0
BRDA:7,0,0,0
BRDA:7,0,1,0
BRDA:17,1,0,0
BRDA:17,1,1,0
BRF:4
BRH:0
end_of_record
TN:
SF:src\layout\DefaultLayout.jsx
FN:5,(anonymous_0)
FNF:1
FNH:0
FNDA:0,(anonymous_0)
DA:5,0
DA:6,0
DA:8,0
LF:3
LH:0
BRF:0
BRH:0
end_of_record
TN:
SF:src\pages\Calendar.jsx
FN:4,(anonymous_0)
FNF:1
FNH:0
FNDA:0,(anonymous_0)
DA:4,0
DA:5,0
LF:2
LH:0
BRF:0
BRH:0
end_of_record
TN:
SF:src\pages\Chart.jsx
FN:8,(anonymous_0)
FNF:1
FNH:0
FNDA:0,(anonymous_0)
DA:8,0
DA:9,0
LF:2
LH:0
BRF:0
BRH:0
end_of_record
TN:
SF:src\pages\Profile.jsx
FN:7,(anonymous_0)
FNF:1
FNH:0
FNDA:0,(anonymous_0)
DA:7,0
DA:8,0
LF:2
LH:0
BRF:0
BRH:0
end_of_record
TN:
SF:src\pages\Settings.jsx
FN:5,(anonymous_0)
FN:6,(anonymous_1)
FN:7,(anonymous_2)
FNF:3
FNH:0
FNDA:0,(anonymous_0)
FNDA:0,(anonymous_1)
FNDA:0,(anonymous_2)
DA:5,0
DA:6,0
DA:7,0
DA:9,0
DA:10,0
LF:5
LH:0
BRF:0
BRH:0
end_of_record
TN:
SF:src\pages\Tables.jsx
FN:7,(anonymous_0)
FNF:1
FNH:0
FNDA:0,(anonymous_0)
DA:7,0
DA:8,0
LF:2
LH:0
BRF:0
BRH:0
end_of_record
TN:
SF:src\pages\Dashboard\ECommerce.jsx
FN:10,(anonymous_0)
FNF:1
FNH:0
FNDA:0,(anonymous_0)
DA:10,0
DA:11,0
LF:2
LH:0
BRF:0
BRH:0
end_of_record
TN:
SF:src\types\chat.js
FNF:0
FNH:0
DA:1,0
LF:1
LH:0
BRF:0
BRH:0
end_of_record
TN:
SF:src\util\validation.js
FN:1,isEmail
FN:5,isNotEmpty
FN:9,hasMinLength
FN:13,isEqualsToOtherValue
FNF:4
FNH:0
FNDA:0,isEmail
FNDA:0,isNotEmpty
FNDA:0,hasMinLength
FNDA:0,isEqualsToOtherValue
DA:2,0
DA:6,0
DA:10,0
DA:14,0
LF:4
LH:0
BRF:0
BRH:0
end_of_record
